#
# There is insufficient memory for the Java Runtime Environment to continue.
# Native memory allocation (mmap) failed to map 9437184 bytes for G1 virtual space
# Possible reasons:
#   The system is out of physical RAM or swap space
#   The process is running with CompressedOops enabled, and the Java Heap may be blocking the growth of the native heap
# Possible solutions:
#   Reduce memory load on the system
#   Increase physical memory or swap space
#   Check if swap backing store is full
#   Decrease Java heap size (-Xmx/-Xms)
#   Decrease number of Java threads
#   Decrease Java thread stack sizes (-Xss)
#   Set larger code cache with -XX:ReservedCodeCacheSize=
#   JVM is running with Unscaled Compressed Oops mode in which the Java heap is
#     placed in the first 4GB address space. The Java Heap base address is the
#     maximum limit for the native heap growth. Please use -XX:HeapBaseMinAddress
#     to set the Java Heap base and to place the Java Heap above 4GB virtual address.
# This output file may be truncated or incomplete.
#
#  Out of Memory Error (os_windows.cpp:3466), pid=32688, tid=32228
#
# JRE version: Java(TM) SE Runtime Environment (16.0+36) (build 16+36-2231)
# Java VM: Java HotSpot(TM) 64-Bit Server VM (16+36-2231, mixed mode, sharing, tiered, compressed oops, g1 gc, windows-amd64)
# No core dump will be written. Minidumps are not enabled by default on client versions of Windows
#

---------------  S U M M A R Y ------------

Command Line: -Dclassworlds.conf=C:\Users\Hp\apache-maven-3.9.4\bin\m2.conf -Dmaven.home=C:\Users\Hp\apache-maven-3.9.4 -Dlibrary.jansi.path=C:\Users\Hp\apache-maven-3.9.4\lib\jansi-native -Dmaven.multiModuleProjectDirectory=C:\Users\Hp\Downloads\user-service-masterr\user-service-master org.codehaus.plexus.classworlds.launcher.Launcher clean install

Host: AMD Ryzen 5 3550H with Radeon Vega Mobile Gfx  , 8 cores, 5G,  Windows 10 , 64 bit Build 19041 (10.0.19041.3636)
Time: Wed Jun 12 20:56:58 2024 India Standard Time elapsed time: 13.149332 seconds (0d 0h 0m 13s)

---------------  T H R E A D  ---------------

Current thread (0x0000023362afc2f0):  VMThread "VM Thread" [stack: 0x00000041e1f00000,0x00000041e2000000] [id=32228]

Stack: [0x00000041e1f00000,0x00000041e2000000]
Native frames: (J=compiled Java code, j=interpreted, Vv=VM code, C=native code)
V  [jvm.dll+0x6681da]
V  [jvm.dll+0x7c9d99]
V  [jvm.dll+0x7cb4d3]
V  [jvm.dll+0x7cbb33]
V  [jvm.dll+0x242ee5]
V  [jvm.dll+0x664f99]
V  [jvm.dll+0x659b85]
V  [jvm.dll+0x2fbfcb]
V  [jvm.dll+0x3031c6]
V  [jvm.dll+0x352a0e]
V  [jvm.dll+0x352c3f]
V  [jvm.dll+0x2d3038]
V  [jvm.dll+0x2d65a6]
V  [jvm.dll+0x2e0ab7]
V  [jvm.dll+0x315560]
V  [jvm.dll+0x7cff2b]
V  [jvm.dll+0x7d0c24]
V  [jvm.dll+0x7d1129]
V  [jvm.dll+0x7d13e4]
V  [jvm.dll+0x7d14b0]
V  [jvm.dll+0x77952a]
V  [jvm.dll+0x667076]
C  [ucrtbase.dll+0x21bb2]
C  [KERNEL32.DLL+0x17344]
C  [ntdll.dll+0x526b1]

VM_Operation (0x00000041e1bff2f0): G1Concurrent, mode: safepoint, requested by thread 0x0000023343f08750


---------------  P R O C E S S  ---------------

Threads class SMR info:
_java_thread_list=0x00000233635ca110, length=12, elements={
0x0000023343ec26b0, 0x0000023362b03b00, 0x0000023362b05160, 0x0000023362b165e0,
0x0000023362b18100, 0x0000023362b1ad10, 0x0000023362b24310, 0x0000023362b25890,
0x0000023362b26380, 0x0000023362b2b580, 0x00000233635f72f0, 0x00000233635fbcb0
}

Java Threads: ( => current thread )
  0x0000023343ec26b0 JavaThread "main" [_thread_blocked, id=29948, stack(0x00000041e1900000,0x00000041e1a00000)]
  0x0000023362b03b00 JavaThread "Reference Handler" daemon [_thread_blocked, id=25836, stack(0x00000041e2000000,0x00000041e2100000)]
  0x0000023362b05160 JavaThread "Finalizer" daemon [_thread_blocked, id=32132, stack(0x00000041e2100000,0x00000041e2200000)]
  0x0000023362b165e0 JavaThread "Signal Dispatcher" daemon [_thread_blocked, id=24396, stack(0x00000041e2200000,0x00000041e2300000)]
  0x0000023362b18100 JavaThread "Attach Listener" daemon [_thread_blocked, id=32328, stack(0x00000041e2300000,0x00000041e2400000)]
  0x0000023362b1ad10 JavaThread "Service Thread" daemon [_thread_blocked, id=30676, stack(0x00000041e2400000,0x00000041e2500000)]
  0x0000023362b24310 JavaThread "Monitor Deflation Thread" daemon [_thread_blocked, id=30600, stack(0x00000041e2500000,0x00000041e2600000)]
  0x0000023362b25890 JavaThread "C2 CompilerThread0" daemon [_thread_blocked, id=30596, stack(0x00000041e2600000,0x00000041e2700000)]
  0x0000023362b26380 JavaThread "C1 CompilerThread0" daemon [_thread_blocked, id=32248, stack(0x00000041e2700000,0x00000041e2800000)]
  0x0000023362b2b580 JavaThread "Sweeper thread" daemon [_thread_blocked, id=27024, stack(0x00000041e2800000,0x00000041e2900000)]
  0x00000233635f72f0 JavaThread "Notification Thread" daemon [_thread_blocked, id=32676, stack(0x00000041e2900000,0x00000041e2a00000)]
  0x00000233635fbcb0 JavaThread "Common-Cleaner" daemon [_thread_blocked, id=29700, stack(0x00000041e2b00000,0x00000041e2c00000)]

Other Threads:
=>0x0000023362afc2f0 VMThread "VM Thread" [stack: 0x00000041e1f00000,0x00000041e2000000] [id=32228]
  0x00000233635fb820 WatcherThread [stack: 0x00000041e2a00000,0x00000041e2b00000] [id=23712]
  0x0000023343efb330 GCTaskThread "GC Thread#0" [stack: 0x00000041e1a00000,0x00000041e1b00000] [id=29944]
  0x0000023363e85f00 GCTaskThread "GC Thread#1" [stack: 0x00000041e2c00000,0x00000041e2d00000] [id=25188]
  0x0000023363eba380 GCTaskThread "GC Thread#2" [stack: 0x00000041e2d00000,0x00000041e2e00000] [id=29404]
  0x0000023363ebd220 GCTaskThread "GC Thread#3" [stack: 0x00000041e2e00000,0x00000041e2f00000] [id=3496]
  0x0000023363ee6480 GCTaskThread "GC Thread#4" [stack: 0x00000041e2f00000,0x00000041e3000000] [id=23252]
  0x0000023363f83690 GCTaskThread "GC Thread#5" [stack: 0x00000041e3000000,0x00000041e3100000] [id=32656]
  0x0000023363f84f10 GCTaskThread "GC Thread#6" [stack: 0x00000041e3100000,0x00000041e3200000] [id=32660]
  0x0000023363f839a0 GCTaskThread "GC Thread#7" [stack: 0x00000041e3200000,0x00000041e3300000] [id=20076]
  0x0000023343f08750 ConcurrentGCThread "G1 Main Marker" [stack: 0x00000041e1b00000,0x00000041e1c00000] [id=30708]
  0x0000023343f091c0 ConcurrentGCThread "G1 Conc#0" [stack: 0x00000041e1c00000,0x00000041e1d00000] [id=30636]
  0x0000023365f31ce0 ConcurrentGCThread "G1 Conc#1" [stack: 0x00000041e3300000,0x00000041e3400000] [id=23196]
  0x0000023343f9d5b0 ConcurrentGCThread "G1 Refine#0" [stack: 0x00000041e1d00000,0x00000041e1e00000] [id=32592]
  0x0000023343f9e030 ConcurrentGCThread "G1 Service" [stack: 0x00000041e1e00000,0x00000041e1f00000] [id=28264]

Threads with active compile tasks:
C2 CompilerThread0    13192 7662       4       java.lang.AbstractStringBuilder::append (63 bytes)

VM state: at safepoint (normal execution)

VM Mutex/Monitor currently owned by a thread:  ([mutex/lock_event])
[0x0000023343ebe6c0] Threads_lock - owner thread: 0x0000023362afc2f0
[0x0000023343ec0010] Heap_lock - owner thread: 0x0000023343f08750

Heap address: 0x00000000a1e00000, size: 1506 MB, Compressed Oops mode: 32-bit
CDS archive(s) mapped at: [0x0000000800000000-0x0000000800bb0000-0x0000000800bb0000), size 12255232, SharedBaseAddress: 0x0000000800000000, ArchiveRelocationMode: 0.
Compressed class space mapped at: 0x0000000800c00000-0x0000000840c00000, reserved size: 1073741824
Narrow klass base: 0x0000000800000000, Narrow klass shift: 3, Narrow klass range: 0x100000000

GC Precious Log:
 CPUs: 8 total, 8 available
 Memory: 6021M
 Large Page Support: Disabled
 NUMA Support: Disabled
 Compressed Oops: Enabled (32-bit)
 Heap Region Size: 1M
 Heap Min Capacity: 8M
 Heap Initial Capacity: 96M
 Heap Max Capacity: 1506M
 Pre-touch: Disabled
 Parallel Workers: 8
 Concurrent Workers: 2
 Concurrent Refinement Workers: 8
 Periodic GC: Disabled

Heap:
 garbage-first heap   total 98304K, used 61939K [0x00000000a1e00000, 0x0000000100000000)
  region size 1024K, 15 young (15360K), 1 survivors (1024K)
 Metaspace       used 35218K, committed 35712K, reserved 1081344K
  class space    used 4006K, committed 4224K, reserved 1048576K

Heap Regions: E=young(eden), S=young(survivor), O=old, HS=humongous(starts), HC=humongous(continues), CS=collection set, F=free, OA=open archive, CA=closed archive, TAMS=top-at-mark-start (previous, next)
|   0|0x00000000a1e00000, 0x00000000a1f00000, 0x00000000a1f00000|100%| O|  |TAMS 0x00000000a1f00000, 0x00000000a1e00000| Updating 
|   1|0x00000000a1f00000, 0x00000000a2000000, 0x00000000a2000000|100%| O|  |TAMS 0x00000000a2000000, 0x00000000a1f00000| Updating 
|   2|0x00000000a2000000, 0x00000000a2100000, 0x00000000a2100000|100%| O|  |TAMS 0x00000000a2100000, 0x00000000a2000000| Updating 
|   3|0x00000000a2100000, 0x00000000a2200000, 0x00000000a2200000|100%| O|  |TAMS 0x00000000a2200000, 0x00000000a2100000| Updating 
|   4|0x00000000a2200000, 0x00000000a2300000, 0x00000000a2300000|100%| O|  |TAMS 0x00000000a2300000, 0x00000000a2200000| Updating 
|   5|0x00000000a2300000, 0x00000000a2400000, 0x00000000a2400000|100%| O|  |TAMS 0x00000000a2400000, 0x00000000a2300000| Updating 
|   6|0x00000000a2400000, 0x00000000a2500000, 0x00000000a2500000|100%| O|  |TAMS 0x00000000a2500000, 0x00000000a2400000| Updating 
|   7|0x00000000a2500000, 0x00000000a2600000, 0x00000000a2600000|100%| O|  |TAMS 0x00000000a2600000, 0x00000000a2500000| Updating 
|   8|0x00000000a2600000, 0x00000000a2700000, 0x00000000a2700000|100%| O|  |TAMS 0x00000000a2700000, 0x00000000a2600000| Updating 
|   9|0x00000000a2700000, 0x00000000a2800000, 0x00000000a2800000|100%| O|  |TAMS 0x00000000a2800000, 0x00000000a2700000| Updating 
|  10|0x00000000a2800000, 0x00000000a2900000, 0x00000000a2900000|100%| O|  |TAMS 0x00000000a2900000, 0x00000000a2800000| Updating 
|  11|0x00000000a2900000, 0x00000000a2a00000, 0x00000000a2a00000|100%| O|  |TAMS 0x00000000a2a00000, 0x00000000a2900000| Updating 
|  12|0x00000000a2a00000, 0x00000000a2b00000, 0x00000000a2b00000|100%| O|  |TAMS 0x00000000a2b00000, 0x00000000a2a00000| Updating 
|  13|0x00000000a2b00000, 0x00000000a2c00000, 0x00000000a2c00000|100%| O|  |TAMS 0x00000000a2c00000, 0x00000000a2b00000| Updating 
|  14|0x00000000a2c00000, 0x00000000a2d00000, 0x00000000a2d00000|100%| O|  |TAMS 0x00000000a2d00000, 0x00000000a2c00000| Updating 
|  15|0x00000000a2d00000, 0x00000000a2e00000, 0x00000000a2e00000|100%| O|  |TAMS 0x00000000a2e00000, 0x00000000a2d00000| Updating 
|  16|0x00000000a2e00000, 0x00000000a2f00000, 0x00000000a2f00000|100%|HS|  |TAMS 0x00000000a2f00000, 0x00000000a2e00000| Complete 
|  17|0x00000000a2f00000, 0x00000000a3000000, 0x00000000a3000000|100%| O|  |TAMS 0x00000000a3000000, 0x00000000a2f00000| Updating 
|  18|0x00000000a3000000, 0x00000000a3100000, 0x00000000a3100000|100%| O|  |TAMS 0x00000000a3100000, 0x00000000a3000000| Updating 
|  19|0x00000000a3100000, 0x00000000a3200000, 0x00000000a3200000|100%| O|  |TAMS 0x00000000a3200000, 0x00000000a3100000| Updating 
|  20|0x00000000a3200000, 0x00000000a3300000, 0x00000000a3300000|100%| O|  |TAMS 0x00000000a3300000, 0x00000000a3200000| Updating 
|  21|0x00000000a3300000, 0x00000000a3400000, 0x00000000a3400000|100%| O|  |TAMS 0x00000000a3400000, 0x00000000a3300000| Updating 
|  22|0x00000000a3400000, 0x00000000a3500000, 0x00000000a3500000|100%| O|  |TAMS 0x00000000a3500000, 0x00000000a3400000| Updating 
|  23|0x00000000a3500000, 0x00000000a3600000, 0x00000000a3600000|100%| O|  |TAMS 0x00000000a3600000, 0x00000000a3500000| Updating 
|  24|0x00000000a3600000, 0x00000000a3700000, 0x00000000a3700000|100%| O|  |TAMS 0x00000000a3700000, 0x00000000a3600000| Updating 
|  25|0x00000000a3700000, 0x00000000a3800000, 0x00000000a3800000|100%| O|  |TAMS 0x00000000a3800000, 0x00000000a3700000| Updating 
|  26|0x00000000a3800000, 0x00000000a3900000, 0x00000000a3900000|100%| O|  |TAMS 0x00000000a3900000, 0x00000000a3800000| Updating 
|  27|0x00000000a3900000, 0x00000000a3a00000, 0x00000000a3a00000|100%| O|  |TAMS 0x00000000a3a00000, 0x00000000a3900000| Updating 
|  28|0x00000000a3a00000, 0x00000000a3b00000, 0x00000000a3b00000|100%| O|  |TAMS 0x00000000a3b00000, 0x00000000a3a00000| Updating 
|  29|0x00000000a3b00000, 0x00000000a3c00000, 0x00000000a3c00000|100%| O|  |TAMS 0x00000000a3c00000, 0x00000000a3b00000| Updating 
|  30|0x00000000a3c00000, 0x00000000a3d00000, 0x00000000a3d00000|100%| O|  |TAMS 0x00000000a3d00000, 0x00000000a3c00000| Updating 
|  31|0x00000000a3d00000, 0x00000000a3e00000, 0x00000000a3e00000|100%| O|  |TAMS 0x00000000a3e00000, 0x00000000a3d00000| Updating 
|  32|0x00000000a3e00000, 0x00000000a3f00000, 0x00000000a3f00000|100%| O|  |TAMS 0x00000000a3f00000, 0x00000000a3e00000| Updating 
|  33|0x00000000a3f00000, 0x00000000a4000000, 0x00000000a4000000|100%| O|  |TAMS 0x00000000a4000000, 0x00000000a3f00000| Updating 
|  34|0x00000000a4000000, 0x00000000a4100000, 0x00000000a4100000|100%| O|  |TAMS 0x00000000a4100000, 0x00000000a4000000| Updating 
|  35|0x00000000a4100000, 0x00000000a4200000, 0x00000000a4200000|100%| O|  |TAMS 0x00000000a4200000, 0x00000000a4100000| Updating 
|  36|0x00000000a4200000, 0x00000000a4300000, 0x00000000a4300000|100%| O|  |TAMS 0x00000000a4300000, 0x00000000a4200000| Updating 
|  37|0x00000000a4300000, 0x00000000a4400000, 0x00000000a4400000|100%| O|  |TAMS 0x00000000a4400000, 0x00000000a4300000| Updating 
|  38|0x00000000a4400000, 0x00000000a4500000, 0x00000000a4500000|100%| O|  |TAMS 0x00000000a4500000, 0x00000000a4400000| Updating 
|  39|0x00000000a4500000, 0x00000000a4600000, 0x00000000a4600000|100%| O|  |TAMS 0x00000000a4600000, 0x00000000a4500000| Updating 
|  40|0x00000000a4600000, 0x00000000a4700000, 0x00000000a4700000|100%| O|  |TAMS 0x00000000a4700000, 0x00000000a4600000| Updating 
|  41|0x00000000a4700000, 0x00000000a4800000, 0x00000000a4800000|100%|HS|  |TAMS 0x00000000a4800000, 0x00000000a4700000| Complete 
|  42|0x00000000a4800000, 0x00000000a4900000, 0x00000000a4900000|100%| O|  |TAMS 0x00000000a488f000, 0x00000000a4800000| Updating 
|  43|0x00000000a4900000, 0x00000000a4a00000, 0x00000000a4a00000|100%| O|  |TAMS 0x00000000a4900000, 0x00000000a4900000| Untracked 
|  44|0x00000000a4a00000, 0x00000000a4b00000, 0x00000000a4b00000|100%| O|  |TAMS 0x00000000a4a00000, 0x00000000a4a00000| Untracked 
|  45|0x00000000a4b00000, 0x00000000a4c00000, 0x00000000a4c00000|100%| O|  |TAMS 0x00000000a4b00000, 0x00000000a4b00000| Untracked 
|  46|0x00000000a4c00000, 0x00000000a4c92000, 0x00000000a4d00000| 57%| O|  |TAMS 0x00000000a4c00000, 0x00000000a4c00000| Updating 
|  47|0x00000000a4d00000, 0x00000000a4e00000, 0x00000000a4e00000|100%|HS|  |TAMS 0x00000000a4d00000, 0x00000000a4d00000| Complete 
|  48|0x00000000a4e00000, 0x00000000a4e00000, 0x00000000a4f00000|  0%| F|  |TAMS 0x00000000a4e00000, 0x00000000a4e00000| Untracked 
|  49|0x00000000a4f00000, 0x00000000a4f00000, 0x00000000a5000000|  0%| F|  |TAMS 0x00000000a4f00000, 0x00000000a4f00000| Untracked 
|  50|0x00000000a5000000, 0x00000000a5000000, 0x00000000a5100000|  0%| F|  |TAMS 0x00000000a5000000, 0x00000000a5000000| Untracked 
|  51|0x00000000a5100000, 0x00000000a5100000, 0x00000000a5200000|  0%| F|  |TAMS 0x00000000a5100000, 0x00000000a5100000| Untracked 
|  52|0x00000000a5200000, 0x00000000a5200000, 0x00000000a5300000|  0%| F|  |TAMS 0x00000000a5200000, 0x00000000a5200000| Untracked 
|  53|0x00000000a5300000, 0x00000000a5300000, 0x00000000a5400000|  0%| F|  |TAMS 0x00000000a5300000, 0x00000000a5300000| Untracked 
|  54|0x00000000a5400000, 0x00000000a5400000, 0x00000000a5500000|  0%| F|  |TAMS 0x00000000a5400000, 0x00000000a5400000| Untracked 
|  55|0x00000000a5500000, 0x00000000a5500000, 0x00000000a5600000|  0%| F|  |TAMS 0x00000000a5500000, 0x00000000a5500000| Untracked 
|  56|0x00000000a5600000, 0x00000000a5600000, 0x00000000a5700000|  0%| F|  |TAMS 0x00000000a5600000, 0x00000000a5600000| Untracked 
|  57|0x00000000a5700000, 0x00000000a5700000, 0x00000000a5800000|  0%| F|  |TAMS 0x00000000a5700000, 0x00000000a5700000| Untracked 
|  58|0x00000000a5800000, 0x00000000a5800000, 0x00000000a5900000|  0%| F|  |TAMS 0x00000000a5800000, 0x00000000a5800000| Untracked 
|  59|0x00000000a5900000, 0x00000000a5900000, 0x00000000a5a00000|  0%| F|  |TAMS 0x00000000a5900000, 0x00000000a5900000| Untracked 
|  60|0x00000000a5a00000, 0x00000000a5a00000, 0x00000000a5b00000|  0%| F|  |TAMS 0x00000000a5a00000, 0x00000000a5a00000| Untracked 
|  61|0x00000000a5b00000, 0x00000000a5b00000, 0x00000000a5c00000|  0%| F|  |TAMS 0x00000000a5b00000, 0x00000000a5b00000| Untracked 
|  62|0x00000000a5c00000, 0x00000000a5ceae20, 0x00000000a5d00000| 91%| S|CS|TAMS 0x00000000a5c00000, 0x00000000a5c00000| Complete 
|  63|0x00000000a5d00000, 0x00000000a5d00000, 0x00000000a5e00000|  0%| F|  |TAMS 0x00000000a5d00000, 0x00000000a5d00000| Untracked 
|  64|0x00000000a5e00000, 0x00000000a5e00000, 0x00000000a5f00000|  0%| F|  |TAMS 0x00000000a5e00000, 0x00000000a5e00000| Untracked 
|  65|0x00000000a5f00000, 0x00000000a5f00000, 0x00000000a6000000|  0%| F|  |TAMS 0x00000000a5f00000, 0x00000000a5f00000| Untracked 
|  66|0x00000000a6000000, 0x00000000a6000000, 0x00000000a6100000|  0%| F|  |TAMS 0x00000000a6000000, 0x00000000a6000000| Untracked 
|  67|0x00000000a6100000, 0x00000000a6100000, 0x00000000a6200000|  0%| F|  |TAMS 0x00000000a6100000, 0x00000000a6100000| Untracked 
|  68|0x00000000a6200000, 0x00000000a6200000, 0x00000000a6300000|  0%| F|  |TAMS 0x00000000a6200000, 0x00000000a6200000| Untracked 
|  69|0x00000000a6300000, 0x00000000a6300000, 0x00000000a6400000|  0%| F|  |TAMS 0x00000000a6300000, 0x00000000a6300000| Untracked 
|  70|0x00000000a6400000, 0x00000000a6400000, 0x00000000a6500000|  0%| F|  |TAMS 0x00000000a6400000, 0x00000000a6400000| Untracked 
|  71|0x00000000a6500000, 0x00000000a6500000, 0x00000000a6600000|  0%| F|  |TAMS 0x00000000a6500000, 0x00000000a6500000| Untracked 
|  72|0x00000000a6600000, 0x00000000a6600000, 0x00000000a6700000|  0%| F|  |TAMS 0x00000000a6600000, 0x00000000a6600000| Untracked 
|  73|0x00000000a6700000, 0x00000000a6700000, 0x00000000a6800000|  0%| F|  |TAMS 0x00000000a6700000, 0x00000000a6700000| Untracked 
|  74|0x00000000a6800000, 0x00000000a6800000, 0x00000000a6900000|  0%| F|  |TAMS 0x00000000a6800000, 0x00000000a6800000| Untracked 
|  75|0x00000000a6900000, 0x00000000a697ffc8, 0x00000000a6a00000| 49%| E|  |TAMS 0x00000000a6900000, 0x00000000a6900000| Complete 
|  76|0x00000000a6a00000, 0x00000000a6b00000, 0x00000000a6b00000|100%| E|CS|TAMS 0x00000000a6a00000, 0x00000000a6a00000| Complete 
|  77|0x00000000a6b00000, 0x00000000a6c00000, 0x00000000a6c00000|100%| E|  |TAMS 0x00000000a6b00000, 0x00000000a6b00000| Complete 
|  78|0x00000000a6c00000, 0x00000000a6d00000, 0x00000000a6d00000|100%| E|CS|TAMS 0x00000000a6c00000, 0x00000000a6c00000| Complete 
|  79|0x00000000a6d00000, 0x00000000a6e00000, 0x00000000a6e00000|100%| E|CS|TAMS 0x00000000a6d00000, 0x00000000a6d00000| Complete 
|  80|0x00000000a6e00000, 0x00000000a6f00000, 0x00000000a6f00000|100%| E|CS|TAMS 0x00000000a6e00000, 0x00000000a6e00000| Complete 
|  81|0x00000000a6f00000, 0x00000000a7000000, 0x00000000a7000000|100%| E|CS|TAMS 0x00000000a6f00000, 0x00000000a6f00000| Complete 
|  82|0x00000000a7000000, 0x00000000a7100000, 0x00000000a7100000|100%| E|CS|TAMS 0x00000000a7000000, 0x00000000a7000000| Complete 
|  83|0x00000000a7100000, 0x00000000a7200000, 0x00000000a7200000|100%| E|CS|TAMS 0x00000000a7100000, 0x00000000a7100000| Complete 
|  84|0x00000000a7200000, 0x00000000a7300000, 0x00000000a7300000|100%| E|CS|TAMS 0x00000000a7200000, 0x00000000a7200000| Complete 
|  85|0x00000000a7300000, 0x00000000a7400000, 0x00000000a7400000|100%| E|CS|TAMS 0x00000000a7300000, 0x00000000a7300000| Complete 
|  86|0x00000000a7400000, 0x00000000a7500000, 0x00000000a7500000|100%| E|CS|TAMS 0x00000000a7400000, 0x00000000a7400000| Complete 
|  87|0x00000000a7500000, 0x00000000a7600000, 0x00000000a7600000|100%| E|CS|TAMS 0x00000000a7500000, 0x00000000a7500000| Complete 
|  88|0x00000000a7600000, 0x00000000a7600000, 0x00000000a7700000|  0%| F|  |TAMS 0x00000000a7600000, 0x00000000a7600000| Untracked 
|  89|0x00000000a7700000, 0x00000000a7700000, 0x00000000a7800000|  0%| F|  |TAMS 0x00000000a7700000, 0x00000000a7700000| Untracked 
|  90|0x00000000a7800000, 0x00000000a7800000, 0x00000000a7900000|  0%| F|  |TAMS 0x00000000a7800000, 0x00000000a7800000| Untracked 
|  91|0x00000000a7900000, 0x00000000a7900000, 0x00000000a7a00000|  0%| F|  |TAMS 0x00000000a7900000, 0x00000000a7900000| Untracked 
|  92|0x00000000a7a00000, 0x00000000a7a00000, 0x00000000a7b00000|  0%| F|  |TAMS 0x00000000a7a00000, 0x00000000a7a00000| Untracked 
|  93|0x00000000a7b00000, 0x00000000a7b00000, 0x00000000a7c00000|  0%| F|  |TAMS 0x00000000a7b00000, 0x00000000a7b00000| Untracked 
|  94|0x00000000a7c00000, 0x00000000a7c00000, 0x00000000a7d00000|  0%| F|  |TAMS 0x00000000a7c00000, 0x00000000a7c00000| Untracked 
|  95|0x00000000a7d00000, 0x00000000a7e00000, 0x00000000a7e00000|100%| E|CS|TAMS 0x00000000a7d00000, 0x00000000a7d00000| Complete 

Card table byte_map: [0x000002335cb80000,0x000002335ce80000] _byte_map_base: 0x000002335c671000

Marking Bits (Prev, Next): (CMBitMap*) 0x0000023343efb9a0, (CMBitMap*) 0x0000023343efb9e0
 Prev Bits: [0x000002335d180000, 0x000002335e908000)
 Next Bits: [0x000002335e910000, 0x0000023360098000)

Polling page: 0x0000023343fa0000

Metaspace:

Usage:
  Non-class:     30.48 MB used.
      Class:      3.91 MB used.
       Both:     34.39 MB used.

Virtual space:
  Non-class space:       32.00 MB reserved,      30.75 MB ( 96%) committed,  4 nodes.
      Class space:        1.00 GB reserved,       4.12 MB ( <1%) committed,  1 nodes.
              Both:        1.03 GB reserved,      34.88 MB (  3%) committed. 

Chunk freelists:
   Non-Class:  766.00 KB
       Class:  3.86 MB
        Both:  4.61 MB

MaxMetaspaceSize: 17179869184.00 GB
CompressedClassSpaceSize: 1.00 GB
 - commit_granule_bytes: 65536.
 - commit_granule_words: 8192.
 - virtual_space_node_default_size: 1048576.
 - enlarge_chunks_in_place: 1.
 - new_chunks_are_fully_committed: 0.
 - uncommit_free_chunks: 1.
 - use_allocation_guard: 0.
 - handle_deallocations: 1.


Internal statistics:

num_allocs_failed_limit: 6.
num_arena_births: 246.
num_arena_deaths: 0.
num_vsnodes_births: 5.
num_vsnodes_deaths: 0.
num_space_committed: 557.
num_space_uncommitted: 0.
num_chunks_returned_to_freelist: 6.
num_chunks_taken_from_freelist: 1541.
num_chunk_merges: 6.
num_chunk_splits: 1059.
num_chunks_enlarged: 802.
num_purges: 0.

CodeHeap 'non-profiled nmethods': size=120000Kb used=3145Kb max_used=3145Kb free=116854Kb
 bounds [0x00000233548d0000, 0x0000023354bf0000, 0x000002335be00000]
CodeHeap 'profiled nmethods': size=120000Kb used=14328Kb max_used=14328Kb free=105671Kb
 bounds [0x000002334d3a0000, 0x000002334e1a0000, 0x00000233548d0000]
CodeHeap 'non-nmethods': size=5760Kb used=1263Kb max_used=1297Kb free=4496Kb
 bounds [0x000002334ce00000, 0x000002334d070000, 0x000002334d3a0000]
 total_blobs=7322 nmethods=6751 adapters=482
 compilation: enabled
              stopped_count=0, restarted_count=0
 full_count=0

Compilation events (20 events):
Event: 13.117 Thread 0x0000023362b26380 7658       2       java.io.RandomAccessFile::<init> (8 bytes)
Event: 13.118 Thread 0x0000023362b26380 nmethod 7658 0x000002334e19b610 code [0x000002334e19b7c0, 0x000002334e19b8e8]
Event: 13.118 Thread 0x0000023362b26380 7659       2       java.io.RandomAccessFile::<init> (262 bytes)
Event: 13.119 Thread 0x0000023362b26380 nmethod 7659 0x000002334e19b990 code [0x000002334e19bc60, 0x000002334e19c628]
Event: 13.119 Thread 0x0000023362b26380 7660       2       java.io.RandomAccessFile::open (7 bytes)
Event: 13.119 Thread 0x0000023362b26380 nmethod 7660 0x000002334e19cb90 code [0x000002334e19cd40, 0x000002334e19ce68]
Event: 13.123 Thread 0x0000023362b25890 nmethod 7390 0x0000023354bdc290 code [0x0000023354bdc600, 0x0000023354bdfbe0]
Event: 13.124 Thread 0x0000023362b25890 7621 %     4       java.util.HashMap::keysToArray @ 32 (81 bytes)
Event: 13.126 Thread 0x0000023362b26380 7663       2       sun.nio.fs.WindowsPath::createFromNormalizedPath (7 bytes)
Event: 13.126 Thread 0x0000023362b26380 nmethod 7663 0x000002334e19cf10 code [0x000002334e19d0c0, 0x000002334e19d1c8]
Event: 13.130 Thread 0x0000023362b25890 nmethod 7621% 0x0000023354be1890 code [0x0000023354be1a20, 0x0000023354be1d98]
Event: 13.130 Thread 0x0000023362b25890 7653       4       java.util.regex.Pattern$BmpCharProperty::match (55 bytes)
Event: 13.131 Thread 0x0000023362b26380 7664       2       sun.nio.fs.WindowsFileAttributeViews$Basic::readAttributes (5 bytes)
Event: 13.131 Thread 0x0000023362b26380 nmethod 7664 0x000002334e19d290 code [0x000002334e19d460, 0x000002334e19d668]
Event: 13.131 Thread 0x0000023362b26380 7665   !   2       sun.nio.fs.WindowsFileAttributeViews$Basic::readAttributes (30 bytes)
Event: 13.132 Thread 0x0000023362b26380 nmethod 7665 0x000002334e19d810 code [0x000002334e19d9e0, 0x000002334e19dbe8]
Event: 13.133 Thread 0x0000023362b25890 nmethod 7653 0x0000023354be1f90 code [0x0000023354be2140, 0x0000023354be23d8]
Event: 13.133 Thread 0x0000023362b25890 7662       4       java.lang.AbstractStringBuilder::append (63 bytes)
Event: 13.134 Thread 0x0000023362b26380 7666       2       java.util.TreeSet::iterator (15 bytes)
Event: 13.134 Thread 0x0000023362b26380 nmethod 7666 0x000002334e19dd90 code [0x000002334e19df40, 0x000002334e19e098]

GC Heap History (20 events):
Event: 8.929 GC heap before
{Heap before GC invocations=6 (full 0):
 garbage-first heap   total 98304K, used 45810K [0x00000000a1e00000, 0x0000000100000000)
  region size 1024K, 29 young (29696K), 5 survivors (5120K)
 Metaspace       used 20952K, committed 21248K, reserved 1073152K
  class space    used 2366K, committed 2496K, reserved 1048576K
}
Event: 8.937 GC heap after
{Heap after GC invocations=7 (full 0):
 garbage-first heap   total 98304K, used 21475K [0x00000000a1e00000, 0x0000000100000000)
  region size 1024K, 2 young (2048K), 2 survivors (2048K)
 Metaspace       used 20952K, committed 21248K, reserved 1073152K
  class space    used 2366K, committed 2496K, reserved 1048576K
}
Event: 9.342 GC heap before
{Heap before GC invocations=8 (full 0):
 garbage-first heap   total 75776K, used 64483K [0x00000000a1e00000, 0x0000000100000000)
  region size 1024K, 44 young (45056K), 2 survivors (2048K)
 Metaspace       used 25645K, committed 25984K, reserved 1073152K
  class space    used 2876K, committed 3072K, reserved 1048576K
}
Event: 9.350 GC heap after
{Heap after GC invocations=9 (full 0):
 garbage-first heap   total 75776K, used 26056K [0x00000000a1e00000, 0x0000000100000000)
  region size 1024K, 6 young (6144K), 6 survivors (6144K)
 Metaspace       used 25645K, committed 25984K, reserved 1073152K
  class space    used 2876K, committed 3072K, reserved 1048576K
}
Event: 9.952 GC heap before
{Heap before GC invocations=10 (full 0):
 garbage-first heap   total 75776K, used 58824K [0x00000000a1e00000, 0x0000000100000000)
  region size 1024K, 39 young (39936K), 6 survivors (6144K)
 Metaspace       used 25705K, committed 26112K, reserved 1073152K
  class space    used 2876K, committed 3072K, reserved 1048576K
}
Event: 9.966 GC heap after
{Heap after GC invocations=11 (full 0):
 garbage-first heap   total 75776K, used 34050K [0x00000000a1e00000, 0x0000000100000000)
  region size 1024K, 5 young (5120K), 5 survivors (5120K)
 Metaspace       used 25705K, committed 26112K, reserved 1073152K
  class space    used 2876K, committed 3072K, reserved 1048576K
}
Event: 10.545 GC heap before
{Heap before GC invocations=11 (full 0):
 garbage-first heap   total 75776K, used 56578K [0x00000000a1e00000, 0x0000000100000000)
  region size 1024K, 27 young (27648K), 5 survivors (5120K)
 Metaspace       used 26196K, committed 26560K, reserved 1073152K
  class space    used 2930K, committed 3072K, reserved 1048576K
}
Event: 10.552 GC heap after
{Heap after GC invocations=12 (full 0):
 garbage-first heap   total 75776K, used 37746K [0x00000000a1e00000, 0x0000000100000000)
  region size 1024K, 4 young (4096K), 4 survivors (4096K)
 Metaspace       used 26196K, committed 26560K, reserved 1073152K
  class space    used 2930K, committed 3072K, reserved 1048576K
}
Event: 10.927 GC heap before
{Heap before GC invocations=12 (full 0):
 garbage-first heap   total 75776K, used 56178K [0x00000000a1e00000, 0x0000000100000000)
  region size 1024K, 23 young (23552K), 4 survivors (4096K)
 Metaspace       used 27183K, committed 27520K, reserved 1081344K
  class space    used 3014K, committed 3136K, reserved 1048576K
}
Event: 10.936 GC heap after
{Heap after GC invocations=13 (full 0):
 garbage-first heap   total 91136K, used 41413K [0x00000000a1e00000, 0x0000000100000000)
  region size 1024K, 3 young (3072K), 3 survivors (3072K)
 Metaspace       used 27183K, committed 27520K, reserved 1081344K
  class space    used 3014K, committed 3136K, reserved 1048576K
}
Event: 11.537 GC heap before
{Heap before GC invocations=13 (full 0):
 garbage-first heap   total 91136K, used 67013K [0x00000000a1e00000, 0x0000000100000000)
  region size 1024K, 29 young (29696K), 3 survivors (3072K)
 Metaspace       used 28567K, committed 28928K, reserved 1081344K
  class space    used 3191K, committed 3328K, reserved 1048576K
}
Event: 11.543 GC heap after
{Heap after GC invocations=14 (full 0):
 garbage-first heap   total 91136K, used 42465K [0x00000000a1e00000, 0x0000000100000000)
  region size 1024K, 1 young (1024K), 1 survivors (1024K)
 Metaspace       used 28567K, committed 28928K, reserved 1081344K
  class space    used 3191K, committed 3328K, reserved 1048576K
}
Event: 11.726 GC heap before
{Heap before GC invocations=14 (full 0):
 garbage-first heap   total 91136K, used 59873K [0x00000000a1e00000, 0x0000000100000000)
  region size 1024K, 19 young (19456K), 1 survivors (1024K)
 Metaspace       used 29204K, committed 29568K, reserved 1081344K
  class space    used 3262K, committed 3392K, reserved 1048576K
}
Event: 11.732 GC heap after
{Heap after GC invocations=15 (full 0):
 garbage-first heap   total 91136K, used 43560K [0x00000000a1e00000, 0x0000000100000000)
  region size 1024K, 2 young (2048K), 2 survivors (2048K)
 Metaspace       used 29204K, committed 29568K, reserved 1081344K
  class space    used 3262K, committed 3392K, reserved 1048576K
}
Event: 12.480 GC heap before
{Heap before GC invocations=16 (full 0):
 garbage-first heap   total 91136K, used 73256K [0x00000000a1e00000, 0x0000000100000000)
  region size 1024K, 30 young (30720K), 2 survivors (2048K)
 Metaspace       used 33921K, committed 34304K, reserved 1081344K
  class space    used 3854K, committed 4032K, reserved 1048576K
}
Event: 12.492 GC heap after
{Heap after GC invocations=17 (full 0):
 garbage-first heap   total 91136K, used 47676K [0x00000000a1e00000, 0x0000000100000000)
  region size 1024K, 4 young (4096K), 4 survivors (4096K)
 Metaspace       used 33921K, committed 34304K, reserved 1081344K
  class space    used 3854K, committed 4032K, reserved 1048576K
}
Event: 13.086 GC heap before
{Heap before GC invocations=17 (full 0):
 garbage-first heap   total 91136K, used 59964K [0x00000000a1e00000, 0x0000000100000000)
  region size 1024K, 18 young (18432K), 4 survivors (4096K)
 Metaspace       used 35214K, committed 35648K, reserved 1081344K
  class space    used 4006K, committed 4224K, reserved 1048576K
}
Event: 13.096 GC heap after
{Heap after GC invocations=18 (full 0):
 garbage-first heap   total 91136K, used 48379K [0x00000000a1e00000, 0x0000000100000000)
  region size 1024K, 1 young (1024K), 1 survivors (1024K)
 Metaspace       used 35214K, committed 35648K, reserved 1081344K
  class space    used 4006K, committed 4224K, reserved 1048576K
}
Event: 13.104 GC heap before
{Heap before GC invocations=18 (full 0):
 garbage-first heap   total 91136K, used 73979K [0x00000000a1e00000, 0x0000000100000000)
  region size 1024K, 26 young (26624K), 1 survivors (1024K)
 Metaspace       used 35214K, committed 35648K, reserved 1081344K
  class space    used 4006K, committed 4224K, reserved 1048576K
}
Event: 13.106 GC heap after
{Heap after GC invocations=19 (full 0):
 garbage-first heap   total 91136K, used 49651K [0x00000000a1e00000, 0x0000000100000000)
  region size 1024K, 1 young (1024K), 1 survivors (1024K)
 Metaspace       used 35214K, committed 35648K, reserved 1081344K
  class space    used 4006K, committed 4224K, reserved 1048576K
}

Deoptimization events (20 events):
Event: 12.792 Thread 0x0000023343ec26b0 Uncommon trap: trap_request=0xffffffde fr.pc=0x0000023354bb3e88 relative=0x0000000000000b28
Event: 12.792 Thread 0x0000023343ec26b0 Uncommon trap: reason=class_check action=maybe_recompile pc=0x0000023354bb3e88 method=java.util.HashMap.removeNode(ILjava/lang/Object;Ljava/lang/Object;ZZ)Ljava/util/HashMap$Node; @ 68 c2
Event: 12.792 Thread 0x0000023343ec26b0 DEOPT PACKING pc=0x0000023354bb3e88 sp=0x00000041e19fb880
Event: 12.792 Thread 0x0000023343ec26b0 DEOPT UNPACKING pc=0x000002334ce4d72e sp=0x00000041e19fb818 mode 2
Event: 12.797 Thread 0x0000023343ec26b0 Uncommon trap: trap_request=0xffffffde fr.pc=0x0000023354bb3f38 relative=0x0000000000000bd8
Event: 12.797 Thread 0x0000023343ec26b0 Uncommon trap: reason=class_check action=maybe_recompile pc=0x0000023354bb3f38 method=java.util.HashMap.removeNode(ILjava/lang/Object;Ljava/lang/Object;ZZ)Ljava/util/HashMap$Node; @ 143 c2
Event: 12.797 Thread 0x0000023343ec26b0 DEOPT PACKING pc=0x0000023354bb3f38 sp=0x00000041e19fb8f0
Event: 12.797 Thread 0x0000023343ec26b0 DEOPT UNPACKING pc=0x000002334ce4d72e sp=0x00000041e19fb888 mode 2
Event: 12.798 Thread 0x0000023343ec26b0 Uncommon trap: trap_request=0xffffffde fr.pc=0x0000023354bb3e88 relative=0x0000000000000b28
Event: 12.798 Thread 0x0000023343ec26b0 Uncommon trap: reason=class_check action=maybe_recompile pc=0x0000023354bb3e88 method=java.util.HashMap.removeNode(ILjava/lang/Object;Ljava/lang/Object;ZZ)Ljava/util/HashMap$Node; @ 68 c2
Event: 12.798 Thread 0x0000023343ec26b0 DEOPT PACKING pc=0x0000023354bb3e88 sp=0x00000041e19fa770
Event: 12.798 Thread 0x0000023343ec26b0 DEOPT UNPACKING pc=0x000002334ce4d72e sp=0x00000041e19fa708 mode 2
Event: 12.869 Thread 0x0000023343ec26b0 Uncommon trap: trap_request=0xffffffde fr.pc=0x0000023354bb3e88 relative=0x0000000000000b28
Event: 12.869 Thread 0x0000023343ec26b0 Uncommon trap: reason=class_check action=maybe_recompile pc=0x0000023354bb3e88 method=java.util.HashMap.removeNode(ILjava/lang/Object;Ljava/lang/Object;ZZ)Ljava/util/HashMap$Node; @ 68 c2
Event: 12.869 Thread 0x0000023343ec26b0 DEOPT PACKING pc=0x0000023354bb3e88 sp=0x00000041e19fb9d0
Event: 12.869 Thread 0x0000023343ec26b0 DEOPT UNPACKING pc=0x000002334ce4d72e sp=0x00000041e19fb968 mode 2
Event: 13.063 Thread 0x0000023343ec26b0 DEOPT PACKING pc=0x000002334dea86d4 sp=0x00000041e19fc9d0
Event: 13.063 Thread 0x0000023343ec26b0 DEOPT UNPACKING pc=0x000002334ce4dece sp=0x00000041e19fbf50 mode 0
Event: 13.063 Thread 0x0000023343ec26b0 DEOPT PACKING pc=0x000002334dea86d4 sp=0x00000041e19fc9d0
Event: 13.063 Thread 0x0000023343ec26b0 DEOPT UNPACKING pc=0x000002334ce4dece sp=0x00000041e19fbf50 mode 0

Classes unloaded (0 events):
No events

Classes redefined (0 events):
No events

Internal exceptions (20 events):
Event: 12.836 Thread 0x0000023343ec26b0 Exception <a 'sun/nio/fs/WindowsException'{0x00000000a6cd7410}> (0x00000000a6cd7410) 
thrown [t:\workspace\open\src\hotspot\share\prims\jni.cpp, line 579]
Event: 12.837 Thread 0x0000023343ec26b0 Exception <a 'sun/nio/fs/WindowsException'{0x00000000a6cd7ba0}> (0x00000000a6cd7ba0) 
thrown [t:\workspace\open\src\hotspot\share\prims\jni.cpp, line 579]
Event: 12.849 Thread 0x0000023343ec26b0 Exception <a 'sun/nio/fs/WindowsException'{0x00000000a6cfbb20}> (0x00000000a6cfbb20) 
thrown [t:\workspace\open\src\hotspot\share\prims\jni.cpp, line 579]
Event: 12.849 Thread 0x0000023343ec26b0 Exception <a 'sun/nio/fs/WindowsException'{0x00000000a6cfc200}> (0x00000000a6cfc200) 
thrown [t:\workspace\open\src\hotspot\share\prims\jni.cpp, line 579]
Event: 12.849 Thread 0x0000023343ec26b0 Exception <a 'sun/nio/fs/WindowsException'{0x00000000a6cfcb48}> (0x00000000a6cfcb48) 
thrown [t:\workspace\open\src\hotspot\share\prims\jni.cpp, line 579]
Event: 12.850 Thread 0x0000023343ec26b0 Exception <a 'sun/nio/fs/WindowsException'{0x00000000a6cfd2d8}> (0x00000000a6cfd2d8) 
thrown [t:\workspace\open\src\hotspot\share\prims\jni.cpp, line 579]
Event: 12.859 Thread 0x0000023343ec26b0 Exception <a 'sun/nio/fs/WindowsException'{0x00000000a6b0ad10}> (0x00000000a6b0ad10) 
thrown [t:\workspace\open\src\hotspot\share\prims\jni.cpp, line 579]
Event: 12.859 Thread 0x0000023343ec26b0 Exception <a 'sun/nio/fs/WindowsException'{0x00000000a6b0b0c0}> (0x00000000a6b0b0c0) 
thrown [t:\workspace\open\src\hotspot\share\prims\jni.cpp, line 579]
Event: 12.859 Thread 0x0000023343ec26b0 Exception <a 'sun/nio/fs/WindowsException'{0x00000000a6b12328}> (0x00000000a6b12328) 
thrown [t:\workspace\open\src\hotspot\share\prims\jni.cpp, line 579]
Event: 12.859 Thread 0x0000023343ec26b0 Exception <a 'sun/nio/fs/WindowsException'{0x00000000a6b12688}> (0x00000000a6b12688) 
thrown [t:\workspace\open\src\hotspot\share\prims\jni.cpp, line 579]
Event: 12.860 Thread 0x0000023343ec26b0 Exception <a 'sun/nio/fs/WindowsException'{0x00000000a6b20ff0}> (0x00000000a6b20ff0) 
thrown [t:\workspace\open\src\hotspot\share\prims\jni.cpp, line 579]
Event: 12.860 Thread 0x0000023343ec26b0 Exception <a 'sun/nio/fs/WindowsException'{0x00000000a6b21398}> (0x00000000a6b21398) 
thrown [t:\workspace\open\src\hotspot\share\prims\jni.cpp, line 579]
Event: 12.860 Thread 0x0000023343ec26b0 Exception <a 'sun/nio/fs/WindowsException'{0x00000000a6b228e8}> (0x00000000a6b228e8) 
thrown [t:\workspace\open\src\hotspot\share\prims\jni.cpp, line 579]
Event: 12.860 Thread 0x0000023343ec26b0 Exception <a 'sun/nio/fs/WindowsException'{0x00000000a6b22d18}> (0x00000000a6b22d18) 
thrown [t:\workspace\open\src\hotspot\share\prims\jni.cpp, line 579]
Event: 12.864 Thread 0x0000023343ec26b0 Exception <a 'sun/nio/fs/WindowsException'{0x00000000a6b2ea80}> (0x00000000a6b2ea80) 
thrown [t:\workspace\open\src\hotspot\share\prims\jni.cpp, line 579]
Event: 12.864 Thread 0x0000023343ec26b0 Exception <a 'sun/nio/fs/WindowsException'{0x00000000a6b2f170}> (0x00000000a6b2f170) 
thrown [t:\workspace\open\src\hotspot\share\prims\jni.cpp, line 579]
Event: 12.864 Thread 0x0000023343ec26b0 Exception <a 'sun/nio/fs/WindowsException'{0x00000000a6b2fb10}> (0x00000000a6b2fb10) 
thrown [t:\workspace\open\src\hotspot\share\prims\jni.cpp, line 579]
Event: 12.876 Thread 0x0000023343ec26b0 Exception <a 'sun/nio/fs/WindowsException'{0x00000000a6b5db00}> (0x00000000a6b5db00) 
thrown [t:\workspace\open\src\hotspot\share\prims\jni.cpp, line 579]
Event: 12.876 Thread 0x0000023343ec26b0 Exception <a 'sun/nio/fs/WindowsException'{0x00000000a6b5e1e8}> (0x00000000a6b5e1e8) 
thrown [t:\workspace\open\src\hotspot\share\prims\jni.cpp, line 579]
Event: 12.876 Thread 0x0000023343ec26b0 Exception <a 'sun/nio/fs/WindowsException'{0x00000000a6b5eb80}> (0x00000000a6b5eb80) 
thrown [t:\workspace\open\src\hotspot\share\prims\jni.cpp, line 579]

Events (20 events):
Event: 12.774 loading class java/util/EnumMap$EntrySet done
Event: 12.774 loading class java/util/EnumMap$EntryIterator
Event: 12.774 loading class java/util/EnumMap$EnumMapIterator
Event: 12.775 loading class java/util/EnumMap$EnumMapIterator done
Event: 12.775 loading class java/util/EnumMap$EntryIterator done
Event: 12.775 loading class java/util/EnumMap$EntryIterator$Entry
Event: 12.775 loading class java/util/EnumMap$EntryIterator$Entry done
Event: 12.883 loading class java/util/EnumMap$Values
Event: 12.884 loading class java/util/EnumMap$Values done
Event: 12.884 loading class java/util/EnumMap$ValueIterator
Event: 12.884 loading class java/util/EnumMap$ValueIterator done
Event: 12.884 loading class java/util/WeakHashMap$KeyIterator
Event: 12.884 loading class java/util/WeakHashMap$KeyIterator done
Event: 13.036 Executing  VM operation: ICBufferFull
Event: 13.036 Executing  VM operation: ICBufferFull done
Event: 13.086 Executing  VM operation: G1TryInitiateConcMark
Event: 13.096 Executing  VM operation: G1TryInitiateConcMark done
Event: 13.104 Executing  VM operation: G1CollectForAllocation
Event: 13.107 Executing  VM operation: G1CollectForAllocation done
Event: 13.136 Executing  VM operation: G1Concurrent


Dynamic libraries:
0x00007ff704030000 - 0x00007ff704040000 	C:\Program Files\Java\jdk-16\bin\java.exe
0x00007ffb19110000 - 0x00007ffb19308000 	C:\WINDOWS\SYSTEM32\ntdll.dll
0x00007ffb18200000 - 0x00007ffb182bd000 	C:\WINDOWS\System32\KERNEL32.DLL
0x00007ffb16b00000 - 0x00007ffb16df6000 	C:\WINDOWS\System32\KERNELBASE.dll
0x00007ffb16f50000 - 0x00007ffb17050000 	C:\WINDOWS\System32\ucrtbase.dll
0x00007ffb0fcf0000 - 0x00007ffb0fd08000 	C:\Program Files\Java\jdk-16\bin\jli.dll
0x00007ffaeead0000 - 0x00007ffaeeae9000 	C:\Program Files\Java\jdk-16\bin\VCRUNTIME140.dll
0x00007ffb171e0000 - 0x00007ffb17290000 	C:\WINDOWS\System32\ADVAPI32.dll
0x00007ffb180f0000 - 0x00007ffb1818e000 	C:\WINDOWS\System32\msvcrt.dll
0x00007ffb17140000 - 0x00007ffb171e0000 	C:\WINDOWS\System32\sechost.dll
0x00007ffb182c0000 - 0x00007ffb183e3000 	C:\WINDOWS\System32\RPCRT4.dll
0x00007ffb17050000 - 0x00007ffb17077000 	C:\WINDOWS\System32\bcrypt.dll
0x00007ffb17500000 - 0x00007ffb1769f000 	C:\WINDOWS\System32\USER32.dll
0x00007ffb17080000 - 0x00007ffb170a2000 	C:\WINDOWS\System32\win32u.dll
0x00007ffafd190000 - 0x00007ffafd42a000 	C:\WINDOWS\WinSxS\amd64_microsoft.windows.common-controls_6595b64144ccf1df_6.0.19041.4355_none_60b8b9eb71f62e16\COMCTL32.dll
0x00007ffb17890000 - 0x00007ffb178bb000 	C:\WINDOWS\System32\GDI32.dll
0x00007ffb169e0000 - 0x00007ffb16af7000 	C:\WINDOWS\System32\gdi32full.dll
0x00007ffb16e00000 - 0x00007ffb16e9d000 	C:\WINDOWS\System32\msvcp_win.dll
0x00007ffb0c6f0000 - 0x00007ffb0c6fa000 	C:\WINDOWS\SYSTEM32\VERSION.dll
0x00007ffb17850000 - 0x00007ffb17882000 	C:\WINDOWS\System32\IMM32.DLL
0x00007ffafc080000 - 0x00007ffafc08c000 	C:\Program Files\Java\jdk-16\bin\vcruntime140_1.dll
0x00007ffad88e0000 - 0x00007ffad8971000 	C:\Program Files\Java\jdk-16\bin\msvcp140.dll
0x00007ffa8b310000 - 0x00007ffa8bebb000 	C:\Program Files\Java\jdk-16\bin\server\jvm.dll
0x00007ffb18070000 - 0x00007ffb18078000 	C:\WINDOWS\System32\PSAPI.DLL
0x00007ffb0c910000 - 0x00007ffb0c937000 	C:\WINDOWS\SYSTEM32\WINMM.dll
0x00007ffb056f0000 - 0x00007ffb056f9000 	C:\WINDOWS\SYSTEM32\WSOCK32.dll
0x00007ffb18190000 - 0x00007ffb181fb000 	C:\WINDOWS\System32\WS2_32.dll
0x00007ffb14f90000 - 0x00007ffb14fa2000 	C:\WINDOWS\SYSTEM32\kernel.appcore.dll
0x00007ffafbe70000 - 0x00007ffafbe7a000 	C:\Program Files\Java\jdk-16\bin\jimage.dll
0x00007ffb145d0000 - 0x00007ffb147b4000 	C:\WINDOWS\SYSTEM32\DBGHELP.DLL
0x00007ffaf8f50000 - 0x00007ffaf8f84000 	C:\WINDOWS\SYSTEM32\dbgcore.DLL
0x00007ffb170b0000 - 0x00007ffb17132000 	C:\WINDOWS\System32\bcryptPrimitives.dll
0x00007ffae29d0000 - 0x00007ffae29f5000 	C:\Program Files\Java\jdk-16\bin\java.dll
0x00007ffb18600000 - 0x00007ffb18d6b000 	C:\WINDOWS\System32\SHELL32.dll
0x00007ffb147e0000 - 0x00007ffb14f7d000 	C:\WINDOWS\SYSTEM32\windows.storage.dll
0x00007ffb18d70000 - 0x00007ffb190c3000 	C:\WINDOWS\System32\combase.dll
0x00007ffb161e0000 - 0x00007ffb1620e000 	C:\WINDOWS\SYSTEM32\Wldp.dll
0x00007ffb18530000 - 0x00007ffb185fd000 	C:\WINDOWS\System32\OLEAUT32.dll
0x00007ffb17ac0000 - 0x00007ffb17b6d000 	C:\WINDOWS\System32\SHCORE.dll
0x00007ffb17290000 - 0x00007ffb172e5000 	C:\WINDOWS\System32\shlwapi.dll
0x00007ffb166f0000 - 0x00007ffb16714000 	C:\WINDOWS\SYSTEM32\profapi.dll
0x00007ffae3c30000 - 0x00007ffae3c49000 	C:\Program Files\Java\jdk-16\bin\net.dll
0x00007ffb0cde0000 - 0x00007ffb0ceea000 	C:\WINDOWS\SYSTEM32\WINHTTP.dll
0x00007ffb15f40000 - 0x00007ffb15faa000 	C:\WINDOWS\system32\mswsock.dll
0x00007ffae37c0000 - 0x00007ffae37d3000 	C:\Program Files\Java\jdk-16\bin\nio.dll
0x00007ffae2c40000 - 0x00007ffae2c58000 	C:\Program Files\Java\jdk-16\bin\zip.dll
0x0000000069ac0000 - 0x0000000069ae4000 	C:\Users\Hp\apache-maven-3.9.4\lib\jansi-native\Windows\x86_64\jansi.dll
0x00007ffafa1e0000 - 0x00007ffafa1f0000 	C:\Program Files\Java\jdk-16\bin\verify.dll

dbghelp: loaded successfully - version: 4.0.5 - missing functions: none
symbol engine: initialized successfully - sym options: 0x614 - pdb path: .;C:\Program Files\Java\jdk-16\bin;C:\WINDOWS\SYSTEM32;C:\WINDOWS\WinSxS\amd64_microsoft.windows.common-controls_6595b64144ccf1df_6.0.19041.4355_none_60b8b9eb71f62e16;C:\Program Files\Java\jdk-16\bin\server;C:\Users\Hp\apache-maven-3.9.4\lib\jansi-native\Windows\x86_64

VM Arguments:
jvm_args: -Dclassworlds.conf=C:\Users\Hp\apache-maven-3.9.4\bin\m2.conf -Dmaven.home=C:\Users\Hp\apache-maven-3.9.4 -Dlibrary.jansi.path=C:\Users\Hp\apache-maven-3.9.4\lib\jansi-native -Dmaven.multiModuleProjectDirectory=C:\Users\Hp\Downloads\user-service-masterr\user-service-master 
java_command: org.codehaus.plexus.classworlds.launcher.Launcher clean install
java_class_path (initial): C:\Users\Hp\apache-maven-3.9.4\boot\plexus-classworlds-2.7.0.jar
Launcher Type: SUN_STANDARD

[Global flags]
     intx CICompilerCount                          = 4                                         {product} {ergonomic}
     uint ConcGCThreads                            = 2                                         {product} {ergonomic}
     uint G1ConcRefinementThreads                  = 8                                         {product} {ergonomic}
   size_t G1HeapRegionSize                         = 1048576                                   {product} {ergonomic}
    uintx GCDrainStackTargetSize                   = 64                                        {product} {ergonomic}
   size_t InitialHeapSize                          = 100663296                                 {product} {ergonomic}
   size_t MarkStackSize                            = 4194304                                   {product} {ergonomic}
   size_t MaxHeapSize                              = 1579155456                                {product} {ergonomic}
   size_t MaxNewSize                               = 946864128                                 {product} {ergonomic}
   size_t MinHeapDeltaBytes                        = 1048576                                   {product} {ergonomic}
   size_t MinHeapSize                              = 8388608                                   {product} {ergonomic}
    uintx NonNMethodCodeHeapSize                   = 5839372                                {pd product} {ergonomic}
    uintx NonProfiledCodeHeapSize                  = 122909434                              {pd product} {ergonomic}
    uintx ProfiledCodeHeapSize                     = 122909434                              {pd product} {ergonomic}
    uintx ReservedCodeCacheSize                    = 251658240                              {pd product} {ergonomic}
     bool SegmentedCodeCache                       = true                                      {product} {ergonomic}
   size_t SoftMaxHeapSize                          = 1579155456                             {manageable} {ergonomic}
     bool UseCompressedClassPointers               = true                           {product lp64_product} {ergonomic}
     bool UseCompressedOops                        = true                           {product lp64_product} {ergonomic}
     bool UseG1GC                                  = true                                      {product} {ergonomic}
     bool UseLargePagesIndividualAllocation        = false                                  {pd product} {ergonomic}

Logging:
Log output configuration:
 #0: stdout all=warning uptime,level,tags
 #1: stderr all=off uptime,level,tags

Environment Variables:
JAVA_HOME=C:\Program Files\Java\jdk-16
PATH=C:\oraclexe\app\oracle\product\11.2.0\server\bin;C:\Program Files\Common Files\Oracle\Java\javapath;C:\Program Files\Python38\Scripts\;C:\Program Files\Python38\;C:\windows\system32;C:\windows;C:\windows\System32\Wbem;C:\windows\System32\WindowsPowerShell\v1.0\;C:\windows\System32\OpenSSH\;C:\Program Files (x86)\NVIDIA Corporation\PhysX\Common;C:\Program Files\NVIDIA Corporation\NVIDIA NvDLISR;C:\WINDOWS\system32;C:\WINDOWS;C:\WINDOWS\System32\Wbem;C:\WINDOWS\System32\WindowsPowerShell\v1.0\;C:\WINDOWS\System32\OpenSSH\;C:\Program Files\Java\jdk-16\bin;C:\Program Files\Git\cmd;C:\Users\Hp\apache-maven-3.9.4\bin;C:\Users\Hp\AppData\Roaming\npm;C:\Users\Hp\AppData\Roaming\nvm;C:\Program Files\nodejs;C:\Program Files\nodejs;C:\Program Files\nodejs\;C:\Program Files\Docker\Docker\resources\bin;C:\Program Files\JetBrains\IntelliJ IDEA Community Edition 2023.2\bin;C:\Users\Hp\AppData\Local\Programs\Microsoft VS Code\bin;C:\Users\Hp\AppData\Roaming\Python\Python38\Scripts
USERNAME=Hp
OS=Windows_NT
PROCESSOR_IDENTIFIER=AMD64 Family 23 Model 24 Stepping 1, AuthenticAMD



---------------  S Y S T E M  ---------------

OS:
 Windows 10 , 64 bit Build 19041 (10.0.19041.3636)
OS uptime: 4 days 0:33 hours
Hyper-V role detected

CPU: total 8 (initial active 8) (8 cores per cpu, 2 threads per core) family 23 model 24 stepping 1 microcode 0x0, cx8, cmov, fxsr, ht, mmx, 3dnowpref, sse, sse2, sse3, ssse3, sse4a, sse4.1, sse4.2, popcnt, lzcnt, tsc, tscinvbit, avx, avx2, aes, clmul, bmi1, bmi2, adx, sha, fma, vzeroupper, clflush, clflushopt, hv

Memory: 4k page, system-wide physical 6021M (287M free)
TotalPageFile size 24453M (AvailPageFile size 14M)
current process WorkingSet (physical memory assigned to process): 214M, peak: 223M
current process commit charge ("private bytes"): 258M, peak: 267M

vm_info: Java HotSpot(TM) 64-Bit Server VM (16+36-2231) for windows-amd64 JRE (16+36-2231), built on Feb  8 2021 11:43:10 by "mach5one" with MS VC++ 16.7 (VS2019)

END.
