#
# There is insufficient memory for the Java Runtime Environment to continue.
# Native memory allocation (mmap) failed to map 16777216 bytes for G1 virtual space
# Possible reasons:
#   The system is out of physical RAM or swap space
#   The process is running with CompressedOops enabled, and the Java Heap may be blocking the growth of the native heap
# Possible solutions:
#   Reduce memory load on the system
#   Increase physical memory or swap space
#   Check if swap backing store is full
#   Decrease Java heap size (-Xmx/-Xms)
#   Decrease number of Java threads
#   Decrease Java thread stack sizes (-Xss)
#   Set larger code cache with -XX:ReservedCodeCacheSize=
#   JVM is running with Unscaled Compressed Oops mode in which the Java heap is
#     placed in the first 4GB address space. The Java Heap base address is the
#     maximum limit for the native heap growth. Please use -XX:HeapBaseMinAddress
#     to set the Java Heap base and to place the Java Heap above 4GB virtual address.
# This output file may be truncated or incomplete.
#
#  Out of Memory Error (os_windows.cpp:3466), pid=32656, tid=23252
#
# JRE version: Java(TM) SE Runtime Environment (16.0+36) (build 16+36-2231)
# Java VM: Java HotSpot(TM) 64-Bit Server VM (16+36-2231, mixed mode, sharing, tiered, compressed oops, g1 gc, windows-amd64)
# No core dump will be written. Minidumps are not enabled by default on client versions of Windows
#

---------------  S U M M A R Y ------------

Command Line: -Dclassworlds.conf=C:\Users\Hp\apache-maven-3.9.4\bin\m2.conf -Dmaven.home=C:\Users\Hp\apache-maven-3.9.4 -Dlibrary.jansi.path=C:\Users\Hp\apache-maven-3.9.4\lib\jansi-native -Dmaven.multiModuleProjectDirectory=C:\Users\Hp\Downloads\user-service-masterr\user-service-master org.codehaus.plexus.classworlds.launcher.Launcher clean package

Host: AMD Ryzen 5 3550H with Radeon Vega Mobile Gfx  , 8 cores, 5G,  Windows 10 , 64 bit Build 19041 (10.0.19041.3636)
Time: Wed Jun 12 20:53:49 2024 India Standard Time elapsed time: 8.520475 seconds (0d 0h 0m 8s)

---------------  T H R E A D  ---------------

Current thread (0x000002a9e27f8f10):  VMThread "VM Thread" [stack: 0x000000f8db100000,0x000000f8db200000] [id=23252]

Stack: [0x000000f8db100000,0x000000f8db200000]
Native frames: (J=compiled Java code, j=interpreted, Vv=VM code, C=native code)
V  [jvm.dll+0x6681da]
V  [jvm.dll+0x7c9d99]
V  [jvm.dll+0x7cb4d3]
V  [jvm.dll+0x7cbb33]
V  [jvm.dll+0x242ee5]
V  [jvm.dll+0x664f99]
V  [jvm.dll+0x659b85]
V  [jvm.dll+0x2fbfcb]
V  [jvm.dll+0x3031c6]
V  [jvm.dll+0x352a0e]
V  [jvm.dll+0x352c3f]
V  [jvm.dll+0x2d3038]
V  [jvm.dll+0x2d0bc5]
V  [jvm.dll+0x2d01fc]
V  [jvm.dll+0x3152e2]
V  [jvm.dll+0x7cff2b]
V  [jvm.dll+0x7d0c24]
V  [jvm.dll+0x7d1129]
V  [jvm.dll+0x7d13e4]
V  [jvm.dll+0x7d14b0]
V  [jvm.dll+0x77952a]
V  [jvm.dll+0x667076]
C  [ucrtbase.dll+0x21bb2]
C  [KERNEL32.DLL+0x17344]
C  [ntdll.dll+0x526b1]

VM_Operation (0x000000f8dabfc0c0): G1CollectForAllocation, mode: safepoint, requested by thread 0x000002a9c5b53230


---------------  P R O C E S S  ---------------

Threads class SMR info:
_java_thread_list=0x000002a9e349d050, length=12, elements={
0x000002a9c5b53230, 0x000002a9e27fdb70, 0x000002a9e27fea30, 0x000002a9e2813be0,
0x000002a9e2815600, 0x000002a9e2818210, 0x000002a9e281ac20, 0x000002a9e2820f10,
0x000002a9e282aa20, 0x000002a9e2835460, 0x000002a9e34bc660, 0x000002a9e34c0250
}

Java Threads: ( => current thread )
  0x000002a9c5b53230 JavaThread "main" [_thread_blocked, id=3496, stack(0x000000f8dab00000,0x000000f8dac00000)]
  0x000002a9e27fdb70 JavaThread "Reference Handler" daemon [_thread_blocked, id=32592, stack(0x000000f8db200000,0x000000f8db300000)]
  0x000002a9e27fea30 JavaThread "Finalizer" daemon [_thread_blocked, id=28264, stack(0x000000f8db300000,0x000000f8db400000)]
  0x000002a9e2813be0 JavaThread "Signal Dispatcher" daemon [_thread_blocked, id=25836, stack(0x000000f8db400000,0x000000f8db500000)]
  0x000002a9e2815600 JavaThread "Attach Listener" daemon [_thread_blocked, id=32132, stack(0x000000f8db500000,0x000000f8db600000)]
  0x000002a9e2818210 JavaThread "Service Thread" daemon [_thread_blocked, id=24396, stack(0x000000f8db600000,0x000000f8db700000)]
  0x000002a9e281ac20 JavaThread "Monitor Deflation Thread" daemon [_thread_blocked, id=32328, stack(0x000000f8db700000,0x000000f8db800000)]
  0x000002a9e2820f10 JavaThread "C2 CompilerThread0" daemon [_thread_blocked, id=30676, stack(0x000000f8db800000,0x000000f8db900000)]
  0x000002a9e282aa20 JavaThread "C1 CompilerThread0" daemon [_thread_blocked, id=30600, stack(0x000000f8db900000,0x000000f8dba00000)]
  0x000002a9e2835460 JavaThread "Sweeper thread" daemon [_thread_blocked, id=30596, stack(0x000000f8dba00000,0x000000f8dbb00000)]
  0x000002a9e34bc660 JavaThread "Notification Thread" daemon [_thread_blocked, id=32228, stack(0x000000f8dbb00000,0x000000f8dbc00000)]
  0x000002a9e34c0250 JavaThread "Common-Cleaner" daemon [_thread_blocked, id=27024, stack(0x000000f8dbd00000,0x000000f8dbe00000)]

Other Threads:
=>0x000002a9e27f8f10 VMThread "VM Thread" [stack: 0x000000f8db100000,0x000000f8db200000] [id=23252]
  0x000002a9e34bf3a0 WatcherThread [stack: 0x000000f8dbc00000,0x000000f8dbd00000] [id=32248]
  0x000002a9c5b8a890 GCTaskThread "GC Thread#0" [stack: 0x000000f8dac00000,0x000000f8dad00000] [id=8752]
  0x000002a9e3d953e0 GCTaskThread "GC Thread#1" [stack: 0x000000f8dbe00000,0x000000f8dbf00000] [id=23712]
  0x000002a9e3ee8f20 GCTaskThread "GC Thread#2" [stack: 0x000000f8dbf00000,0x000000f8dc000000] [id=29700]
  0x000002a9e3f64830 GCTaskThread "GC Thread#3" [stack: 0x000000f8dc000000,0x000000f8dc100000] [id=27452]
  0x000002a9e3f64b40 GCTaskThread "GC Thread#4" [stack: 0x000000f8dc100000,0x000000f8dc200000] [id=26368]
  0x000002a9e3d63980 GCTaskThread "GC Thread#5" [stack: 0x000000f8dc200000,0x000000f8dc300000] [id=28288]
  0x000002a9e3d15040 GCTaskThread "GC Thread#6" [stack: 0x000000f8dc300000,0x000000f8dc400000] [id=25188]
  0x000002a9e3d15350 GCTaskThread "GC Thread#7" [stack: 0x000000f8dc400000,0x000000f8dc500000] [id=29404]
  0x000002a9c5b97610 ConcurrentGCThread "G1 Main Marker" [stack: 0x000000f8dad00000,0x000000f8dae00000] [id=29948]
  0x000002a9c5b988a0 ConcurrentGCThread "G1 Conc#0" [stack: 0x000000f8dae00000,0x000000f8daf00000] [id=29944]
  0x000002a9e3b28d50 ConcurrentGCThread "G1 Conc#1" [stack: 0x000000f8dc500000,0x000000f8dc600000] [id=32676]
  0x000002a9e26b0090 ConcurrentGCThread "G1 Refine#0" [stack: 0x000000f8daf00000,0x000000f8db000000] [id=30708]
  0x000002a9e26b0b10 ConcurrentGCThread "G1 Service" [stack: 0x000000f8db000000,0x000000f8db100000] [id=30636]

Threads with active compile tasks:
C2 CompilerThread0     8559 5429       4       jdk.nio.zipfs.ZipFileSystem$Entry::readCEN (248 bytes)

VM state: at safepoint (normal execution)

VM Mutex/Monitor currently owned by a thread:  ([mutex/lock_event])
[0x000002a9c5b4d590] Threads_lock - owner thread: 0x000002a9e27f8f10
[0x000002a9c5b4e550] Heap_lock - owner thread: 0x000002a9c5b53230

Heap address: 0x00000000a1e00000, size: 1506 MB, Compressed Oops mode: 32-bit
CDS archive(s) mapped at: [0x0000000800000000-0x0000000800bb0000-0x0000000800bb0000), size 12255232, SharedBaseAddress: 0x0000000800000000, ArchiveRelocationMode: 0.
Compressed class space mapped at: 0x0000000800c00000-0x0000000840c00000, reserved size: 1073741824
Narrow klass base: 0x0000000800000000, Narrow klass shift: 3, Narrow klass range: 0x100000000

GC Precious Log:
 CPUs: 8 total, 8 available
 Memory: 6021M
 Large Page Support: Disabled
 NUMA Support: Disabled
 Compressed Oops: Enabled (32-bit)
 Heap Region Size: 1M
 Heap Min Capacity: 8M
 Heap Initial Capacity: 96M
 Heap Max Capacity: 1506M
 Pre-touch: Disabled
 Parallel Workers: 8
 Concurrent Workers: 2
 Concurrent Refinement Workers: 8
 Periodic GC: Disabled

Heap:
 garbage-first heap   total 78848K, used 38260K [0x00000000a1e00000, 0x0000000100000000)
  region size 1024K, 4 young (4096K), 4 survivors (4096K)
 Metaspace       used 26373K, committed 26688K, reserved 1073152K
  class space    used 2942K, committed 3072K, reserved 1048576K

Heap Regions: E=young(eden), S=young(survivor), O=old, HS=humongous(starts), HC=humongous(continues), CS=collection set, F=free, OA=open archive, CA=closed archive, TAMS=top-at-mark-start (previous, next)
|   0|0x00000000a1e00000, 0x00000000a1f00000, 0x00000000a1f00000|100%| O|  |TAMS 0x00000000a1f00000, 0x00000000a1e00000| Untracked 
|   1|0x00000000a1f00000, 0x00000000a2000000, 0x00000000a2000000|100%| O|  |TAMS 0x00000000a2000000, 0x00000000a1f00000| Untracked 
|   2|0x00000000a2000000, 0x00000000a2100000, 0x00000000a2100000|100%| O|  |TAMS 0x00000000a2100000, 0x00000000a2000000| Untracked 
|   3|0x00000000a2100000, 0x00000000a2200000, 0x00000000a2200000|100%| O|  |TAMS 0x00000000a2200000, 0x00000000a2100000| Untracked 
|   4|0x00000000a2200000, 0x00000000a2300000, 0x00000000a2300000|100%| O|  |TAMS 0x00000000a2300000, 0x00000000a2200000| Untracked 
|   5|0x00000000a2300000, 0x00000000a2400000, 0x00000000a2400000|100%| O|  |TAMS 0x00000000a2400000, 0x00000000a2300000| Untracked 
|   6|0x00000000a2400000, 0x00000000a2500000, 0x00000000a2500000|100%| O|  |TAMS 0x00000000a2500000, 0x00000000a2400000| Untracked 
|   7|0x00000000a2500000, 0x00000000a2600000, 0x00000000a2600000|100%| O|  |TAMS 0x00000000a2600000, 0x00000000a2500000| Untracked 
|   8|0x00000000a2600000, 0x00000000a2700000, 0x00000000a2700000|100%| O|  |TAMS 0x00000000a2700000, 0x00000000a2600000| Untracked 
|   9|0x00000000a2700000, 0x00000000a2800000, 0x00000000a2800000|100%| O|  |TAMS 0x00000000a2800000, 0x00000000a2700000| Untracked 
|  10|0x00000000a2800000, 0x00000000a2900000, 0x00000000a2900000|100%| O|  |TAMS 0x00000000a2900000, 0x00000000a2800000| Untracked 
|  11|0x00000000a2900000, 0x00000000a2a00000, 0x00000000a2a00000|100%| O|  |TAMS 0x00000000a2a00000, 0x00000000a2900000| Untracked 
|  12|0x00000000a2a00000, 0x00000000a2b00000, 0x00000000a2b00000|100%| O|  |TAMS 0x00000000a2b00000, 0x00000000a2a00000| Untracked 
|  13|0x00000000a2b00000, 0x00000000a2c00000, 0x00000000a2c00000|100%| O|  |TAMS 0x00000000a2c00000, 0x00000000a2b00000| Untracked 
|  14|0x00000000a2c00000, 0x00000000a2d00000, 0x00000000a2d00000|100%| O|  |TAMS 0x00000000a2d00000, 0x00000000a2c00000| Untracked 
|  15|0x00000000a2d00000, 0x00000000a2e00000, 0x00000000a2e00000|100%| O|  |TAMS 0x00000000a2e00000, 0x00000000a2d00000| Untracked 
|  16|0x00000000a2e00000, 0x00000000a2f00000, 0x00000000a2f00000|100%|HS|  |TAMS 0x00000000a2f00000, 0x00000000a2e00000| Complete 
|  17|0x00000000a2f00000, 0x00000000a3000000, 0x00000000a3000000|100%| O|  |TAMS 0x00000000a2f00000, 0x00000000a2f00000| Untracked 
|  18|0x00000000a3000000, 0x00000000a3100000, 0x00000000a3100000|100%| O|  |TAMS 0x00000000a3100000, 0x00000000a3000000| Untracked 
|  19|0x00000000a3100000, 0x00000000a3200000, 0x00000000a3200000|100%| O|  |TAMS 0x00000000a3200000, 0x00000000a3100000| Untracked 
|  20|0x00000000a3200000, 0x00000000a3300000, 0x00000000a3300000|100%| O|  |TAMS 0x00000000a3300000, 0x00000000a3200000| Untracked 
|  21|0x00000000a3300000, 0x00000000a335d000, 0x00000000a3400000| 36%| O|  |TAMS 0x00000000a335d000, 0x00000000a3300000| Untracked 
|  22|0x00000000a3400000, 0x00000000a3500000, 0x00000000a3500000|100%| O|  |TAMS 0x00000000a3400000, 0x00000000a3400000| Untracked 
|  23|0x00000000a3500000, 0x00000000a3600000, 0x00000000a3600000|100%| O|  |TAMS 0x00000000a3500000, 0x00000000a3500000| Untracked 
|  24|0x00000000a3600000, 0x00000000a3700000, 0x00000000a3700000|100%| O|  |TAMS 0x00000000a3600000, 0x00000000a3600000| Untracked 
|  25|0x00000000a3700000, 0x00000000a3800000, 0x00000000a3800000|100%| O|  |TAMS 0x00000000a3700000, 0x00000000a3700000| Untracked 
|  26|0x00000000a3800000, 0x00000000a3900000, 0x00000000a3900000|100%| O|  |TAMS 0x00000000a3800000, 0x00000000a3800000| Untracked 
|  27|0x00000000a3900000, 0x00000000a3a00000, 0x00000000a3a00000|100%| O|  |TAMS 0x00000000a3900000, 0x00000000a3900000| Untracked 
|  28|0x00000000a3a00000, 0x00000000a3b00000, 0x00000000a3b00000|100%| O|  |TAMS 0x00000000a3a00000, 0x00000000a3a00000| Untracked 
|  29|0x00000000a3b00000, 0x00000000a3c00000, 0x00000000a3c00000|100%| O|  |TAMS 0x00000000a3b00000, 0x00000000a3b00000| Untracked 
|  30|0x00000000a3c00000, 0x00000000a3d00000, 0x00000000a3d00000|100%| O|  |TAMS 0x00000000a3c00000, 0x00000000a3c00000| Untracked 
|  31|0x00000000a3d00000, 0x00000000a3e00000, 0x00000000a3e00000|100%| O|  |TAMS 0x00000000a3d00000, 0x00000000a3d00000| Untracked 
|  32|0x00000000a3e00000, 0x00000000a3f00000, 0x00000000a3f00000|100%| O|  |TAMS 0x00000000a3e00000, 0x00000000a3e00000| Untracked 
|  33|0x00000000a3f00000, 0x00000000a4000000, 0x00000000a4000000|100%| O|  |TAMS 0x00000000a3f00000, 0x00000000a3f00000| Untracked 
|  34|0x00000000a4000000, 0x00000000a4000000, 0x00000000a4100000|  0%| F|  |TAMS 0x00000000a4000000, 0x00000000a4000000| Untracked 
|  35|0x00000000a4100000, 0x00000000a4100000, 0x00000000a4200000|  0%| F|  |TAMS 0x00000000a4100000, 0x00000000a4100000| Untracked 
|  36|0x00000000a4200000, 0x00000000a4200000, 0x00000000a4300000|  0%| F|  |TAMS 0x00000000a4200000, 0x00000000a4200000| Untracked 
|  37|0x00000000a4300000, 0x00000000a4300000, 0x00000000a4400000|  0%| F|  |TAMS 0x00000000a4300000, 0x00000000a4300000| Untracked 
|  38|0x00000000a4400000, 0x00000000a4400000, 0x00000000a4500000|  0%| F|  |TAMS 0x00000000a4400000, 0x00000000a4400000| Untracked 
|  39|0x00000000a4500000, 0x00000000a4500000, 0x00000000a4600000|  0%| F|  |TAMS 0x00000000a4500000, 0x00000000a4500000| Untracked 
|  40|0x00000000a4600000, 0x00000000a4600000, 0x00000000a4700000|  0%| F|  |TAMS 0x00000000a4600000, 0x00000000a4600000| Untracked 
|  41|0x00000000a4700000, 0x00000000a4700000, 0x00000000a4800000|  0%| F|  |TAMS 0x00000000a4700000, 0x00000000a4700000| Untracked 
|  42|0x00000000a4800000, 0x00000000a4800000, 0x00000000a4900000|  0%| F|  |TAMS 0x00000000a4800000, 0x00000000a4800000| Untracked 
|  43|0x00000000a4900000, 0x00000000a4900000, 0x00000000a4a00000|  0%| F|  |TAMS 0x00000000a4900000, 0x00000000a4900000| Untracked 
|  44|0x00000000a4a00000, 0x00000000a4a00000, 0x00000000a4b00000|  0%| F|  |TAMS 0x00000000a4a00000, 0x00000000a4a00000| Untracked 
|  45|0x00000000a4b00000, 0x00000000a4b00000, 0x00000000a4c00000|  0%| F|  |TAMS 0x00000000a4b00000, 0x00000000a4b00000| Untracked 
|  46|0x00000000a4c00000, 0x00000000a4c00000, 0x00000000a4d00000|  0%| F|  |TAMS 0x00000000a4c00000, 0x00000000a4c00000| Untracked 
|  47|0x00000000a4d00000, 0x00000000a4d00000, 0x00000000a4e00000|  0%| F|  |TAMS 0x00000000a4d00000, 0x00000000a4d00000| Untracked 
|  48|0x00000000a4e00000, 0x00000000a4f00000, 0x00000000a4f00000|100%| S|CS|TAMS 0x00000000a4e00000, 0x00000000a4e00000| Complete 
|  49|0x00000000a4f00000, 0x00000000a5000000, 0x00000000a5000000|100%| S|CS|TAMS 0x00000000a4f00000, 0x00000000a4f00000| Complete 
|  50|0x00000000a5000000, 0x00000000a5100000, 0x00000000a5100000|100%| S|CS|TAMS 0x00000000a5000000, 0x00000000a5000000| Complete 
|  51|0x00000000a5100000, 0x00000000a5200000, 0x00000000a5200000|100%| S|CS|TAMS 0x00000000a5100000, 0x00000000a5100000| Complete 
|  52|0x00000000a5200000, 0x00000000a5200000, 0x00000000a5300000|  0%| F|  |TAMS 0x00000000a5200000, 0x00000000a5200000| Untracked 
|  53|0x00000000a5300000, 0x00000000a5300000, 0x00000000a5400000|  0%| F|  |TAMS 0x00000000a5300000, 0x00000000a5300000| Untracked 
|  54|0x00000000a5400000, 0x00000000a5400000, 0x00000000a5500000|  0%| F|  |TAMS 0x00000000a5400000, 0x00000000a5400000| Untracked 
|  55|0x00000000a5500000, 0x00000000a5500000, 0x00000000a5600000|  0%| F|  |TAMS 0x00000000a5500000, 0x00000000a5500000| Untracked 
|  56|0x00000000a5600000, 0x00000000a5600000, 0x00000000a5700000|  0%| F|  |TAMS 0x00000000a5600000, 0x00000000a5600000| Untracked 
|  57|0x00000000a5700000, 0x00000000a5700000, 0x00000000a5800000|  0%| F|  |TAMS 0x00000000a5700000, 0x00000000a5700000| Untracked 
|  58|0x00000000a5800000, 0x00000000a5800000, 0x00000000a5900000|  0%| F|  |TAMS 0x00000000a5800000, 0x00000000a5800000| Untracked 
|  59|0x00000000a5900000, 0x00000000a5900000, 0x00000000a5a00000|  0%| F|  |TAMS 0x00000000a5900000, 0x00000000a5900000| Untracked 
|  60|0x00000000a5a00000, 0x00000000a5a00000, 0x00000000a5b00000|  0%| F|  |TAMS 0x00000000a5a00000, 0x00000000a5a00000| Untracked 
|  61|0x00000000a5b00000, 0x00000000a5b00000, 0x00000000a5c00000|  0%| F|  |TAMS 0x00000000a5b00000, 0x00000000a5b00000| Untracked 
|  62|0x00000000a5c00000, 0x00000000a5c00000, 0x00000000a5d00000|  0%| F|  |TAMS 0x00000000a5c00000, 0x00000000a5c00000| Untracked 
|  63|0x00000000a5d00000, 0x00000000a5d00000, 0x00000000a5e00000|  0%| F|  |TAMS 0x00000000a5d00000, 0x00000000a5d00000| Untracked 
|  64|0x00000000a5e00000, 0x00000000a5e00000, 0x00000000a5f00000|  0%| F|  |TAMS 0x00000000a5e00000, 0x00000000a5e00000| Untracked 
|  65|0x00000000a5f00000, 0x00000000a5f00000, 0x00000000a6000000|  0%| F|  |TAMS 0x00000000a5f00000, 0x00000000a5f00000| Untracked 
|  66|0x00000000a6000000, 0x00000000a6000000, 0x00000000a6100000|  0%| F|  |TAMS 0x00000000a6000000, 0x00000000a6000000| Untracked 
|  67|0x00000000a6100000, 0x00000000a6100000, 0x00000000a6200000|  0%| F|  |TAMS 0x00000000a6100000, 0x00000000a6100000| Untracked 
|  68|0x00000000a6200000, 0x00000000a6200000, 0x00000000a6300000|  0%| F|  |TAMS 0x00000000a6200000, 0x00000000a6200000| Untracked 
|  69|0x00000000a6300000, 0x00000000a6300000, 0x00000000a6400000|  0%| F|  |TAMS 0x00000000a6300000, 0x00000000a6300000| Untracked 
|  70|0x00000000a6400000, 0x00000000a6400000, 0x00000000a6500000|  0%| F|  |TAMS 0x00000000a6400000, 0x00000000a6400000| Untracked 
|  71|0x00000000a6500000, 0x00000000a6500000, 0x00000000a6600000|  0%| F|  |TAMS 0x00000000a6500000, 0x00000000a6500000| Untracked 
|  72|0x00000000a6600000, 0x00000000a6600000, 0x00000000a6700000|  0%| F|  |TAMS 0x00000000a6600000, 0x00000000a6600000| Untracked 
|  73|0x00000000a6700000, 0x00000000a6700000, 0x00000000a6800000|  0%| F|  |TAMS 0x00000000a6700000, 0x00000000a6700000| Untracked 
|  74|0x00000000a6800000, 0x00000000a6800000, 0x00000000a6900000|  0%| F|  |TAMS 0x00000000a6800000, 0x00000000a6800000| Untracked 
|  75|0x00000000a6900000, 0x00000000a6900000, 0x00000000a6a00000|  0%| F|  |TAMS 0x00000000a6900000, 0x00000000a6900000| Untracked 
|  95|0x00000000a7d00000, 0x00000000a7d00000, 0x00000000a7e00000|  0%| F|  |TAMS 0x00000000a7d00000, 0x00000000a7d00000| Untracked 

Card table byte_map: [0x000002a9dc8f0000,0x000002a9dcbf0000] _byte_map_base: 0x000002a9dc3e1000

Marking Bits (Prev, Next): (CMBitMap*) 0x000002a9c5b8af80, (CMBitMap*) 0x000002a9c5b8afc0
 Prev Bits: [0x000002a9dcef0000, 0x000002a9de678000)
 Next Bits: [0x000002a9de680000, 0x000002a9dfe08000)

Polling page: 0x000002a9c3ad0000

Metaspace:

Usage:
  Non-class:     22.88 MB used.
      Class:      2.87 MB used.
       Both:     25.76 MB used.

Virtual space:
  Non-class space:       24.00 MB reserved,      23.06 MB ( 96%) committed,  3 nodes.
      Class space:        1.00 GB reserved,       3.00 MB ( <1%) committed,  1 nodes.
              Both:        1.02 GB reserved,      26.06 MB (  2%) committed. 

Chunk freelists:
   Non-Class:  199.00 KB
       Class:  967.00 KB
        Both:  1.14 MB

MaxMetaspaceSize: 17179869184.00 GB
CompressedClassSpaceSize: 1.00 GB
 - commit_granule_bytes: 65536.
 - commit_granule_words: 8192.
 - virtual_space_node_default_size: 1048576.
 - enlarge_chunks_in_place: 1.
 - new_chunks_are_fully_committed: 0.
 - uncommit_free_chunks: 1.
 - use_allocation_guard: 0.
 - handle_deallocations: 1.


Internal statistics:

num_allocs_failed_limit: 6.
num_arena_births: 166.
num_arena_deaths: 0.
num_vsnodes_births: 4.
num_vsnodes_deaths: 0.
num_space_committed: 417.
num_space_uncommitted: 0.
num_chunks_returned_to_freelist: 6.
num_chunks_taken_from_freelist: 1112.
num_chunk_merges: 6.
num_chunk_splits: 772.
num_chunks_enlarged: 611.
num_purges: 0.

CodeHeap 'non-profiled nmethods': size=120000Kb used=2932Kb max_used=2932Kb free=117067Kb
 bounds [0x000002a9d4d90000, 0x000002a9d5070000, 0x000002a9dc2c0000]
CodeHeap 'profiled nmethods': size=120000Kb used=12823Kb max_used=12823Kb free=107176Kb
 bounds [0x000002a9cd860000, 0x000002a9ce4f0000, 0x000002a9d4d90000]
CodeHeap 'non-nmethods': size=5760Kb used=1233Kb max_used=1274Kb free=4527Kb
 bounds [0x000002a9cd2c0000, 0x000002a9cd530000, 0x000002a9cd860000]
 total_blobs=6344 nmethods=5808 adapters=447
 compilation: enabled
              stopped_count=0, restarted_count=0
 full_count=0

Compilation events (20 events):
Event: 8.499 Thread 0x000002a9e282aa20 5847   !   2       sun.nio.fs.WindowsFileSystemProvider::checkReadAccess (48 bytes)
Event: 8.499 Thread 0x000002a9e282aa20 nmethod 5847 0x000002a9ce4e0990 code [0x000002a9ce4e0b80, 0x000002a9ce4e0e98]
Event: 8.499 Thread 0x000002a9e282aa20 5848       2       sun.nio.fs.WindowsException::<init> (15 bytes)
Event: 8.500 Thread 0x000002a9e282aa20 nmethod 5848 0x000002a9ce4e1190 code [0x000002a9ce4e1340, 0x000002a9ce4e15b8]
Event: 8.500 Thread 0x000002a9e282aa20 5849       2       sun.nio.fs.WindowsException::fillInStackTrace (2 bytes)
Event: 8.500 Thread 0x000002a9e282aa20 nmethod 5849 0x000002a9ce4e1690 code [0x000002a9ce4e1820, 0x000002a9ce4e1938]
Event: 8.500 Thread 0x000002a9e282aa20 5850       2       com.sun.tools.javac.comp.Attr$ResultInfo::<init> (32 bytes)
Event: 8.500 Thread 0x000002a9e282aa20 nmethod 5850 0x000002a9ce4e1a10 code [0x000002a9ce4e1bc0, 0x000002a9ce4e1e98]
Event: 8.500 Thread 0x000002a9e282aa20 5852       2       com.sun.tools.javac.tree.TreeInfo::skipParens (20 bytes)
Event: 8.500 Thread 0x000002a9e282aa20 nmethod 5852 0x000002a9ce4e1f10 code [0x000002a9ce4e20e0, 0x000002a9ce4e2398]
Event: 8.500 Thread 0x000002a9e282aa20 5851       2       com.sun.tools.javac.comp.Attr$ResultInfo::<init> (18 bytes)
Event: 8.501 Thread 0x000002a9e282aa20 nmethod 5851 0x000002a9ce4e2590 code [0x000002a9ce4e2740, 0x000002a9ce4e2a38]
Event: 8.501 Thread 0x000002a9e282aa20 5853       2       com.sun.tools.javac.jvm.ClassReader$7::read (186 bytes)
Event: 8.501 Thread 0x000002a9e282aa20 nmethod 5853 0x000002a9ce4e2b10 code [0x000002a9ce4e2d00, 0x000002a9ce4e3318]
Event: 8.501 Thread 0x000002a9e282aa20 5854       2       java.lang.invoke.LambdaForm$DMH/0x0000000800ca8000::newInvokeSpecial (30 bytes)
Event: 8.502 Thread 0x000002a9e282aa20 nmethod 5854 0x000002a9ce4e3810 code [0x000002a9ce4e39e0, 0x000002a9ce4e3be8]
Event: 8.502 Thread 0x000002a9e282aa20 5856   !   2       com.sun.tools.javac.comp.Attr::attribTree (183 bytes)
Event: 8.502 Thread 0x000002a9e282aa20 nmethod 5856 0x000002a9ce4e3d90 code [0x000002a9ce4e3fe0, 0x000002a9ce4e4878]
Event: 8.502 Thread 0x000002a9e282aa20 5858       2       com.sun.tools.javac.comp.Attr::check (219 bytes)
Event: 8.503 Thread 0x000002a9e282aa20 nmethod 5858 0x000002a9ce4e4e90 code [0x000002a9ce4e5140, 0x000002a9ce4e59b8]

GC Heap History (19 events):
Event: 0.964 GC heap before
{Heap before GC invocations=0 (full 0):
 garbage-first heap   total 98304K, used 22528K [0x00000000a1e00000, 0x0000000100000000)
  region size 1024K, 23 young (23552K), 0 survivors (0K)
 Metaspace       used 5645K, committed 5824K, reserved 1056768K
  class space    used 652K, committed 768K, reserved 1048576K
}
Event: 0.972 GC heap after
{Heap after GC invocations=1 (full 0):
 garbage-first heap   total 98304K, used 3766K [0x00000000a1e00000, 0x0000000100000000)
  region size 1024K, 3 young (3072K), 3 survivors (3072K)
 Metaspace       used 5645K, committed 5824K, reserved 1056768K
  class space    used 652K, committed 768K, reserved 1048576K
}
Event: 1.684 GC heap before
{Heap before GC invocations=1 (full 0):
 garbage-first heap   total 98304K, used 34486K [0x00000000a1e00000, 0x0000000100000000)
  region size 1024K, 33 young (33792K), 3 survivors (3072K)
 Metaspace       used 9319K, committed 9472K, reserved 1064960K
  class space    used 1101K, committed 1152K, reserved 1048576K
}
Event: 1.693 GC heap after
{Heap after GC invocations=2 (full 0):
 garbage-first heap   total 98304K, used 5206K [0x00000000a1e00000, 0x0000000100000000)
  region size 1024K, 2 young (2048K), 2 survivors (2048K)
 Metaspace       used 9319K, committed 9472K, reserved 1064960K
  class space    used 1101K, committed 1152K, reserved 1048576K
}
Event: 3.550 GC heap before
{Heap before GC invocations=2 (full 0):
 garbage-first heap   total 98304K, used 61526K [0x00000000a1e00000, 0x0000000100000000)
  region size 1024K, 57 young (58368K), 2 survivors (2048K)
 Metaspace       used 15554K, committed 15808K, reserved 1064960K
  class space    used 1812K, committed 1920K, reserved 1048576K
}
Event: 3.564 GC heap after
{Heap after GC invocations=3 (full 0):
 garbage-first heap   total 98304K, used 11077K [0x00000000a1e00000, 0x0000000100000000)
  region size 1024K, 8 young (8192K), 8 survivors (8192K)
 Metaspace       used 15554K, committed 15808K, reserved 1064960K
  class space    used 1812K, committed 1920K, reserved 1048576K
}
Event: 4.648 GC heap before
{Heap before GC invocations=3 (full 0):
 garbage-first heap   total 98304K, used 61253K [0x00000000a1e00000, 0x0000000100000000)
  region size 1024K, 57 young (58368K), 8 survivors (8192K)
 Metaspace       used 16191K, committed 16448K, reserved 1064960K
  class space    used 1836K, committed 1920K, reserved 1048576K
}
Event: 4.667 GC heap after
{Heap after GC invocations=4 (full 0):
 garbage-first heap   total 98304K, used 17149K [0x00000000a1e00000, 0x0000000100000000)
  region size 1024K, 6 young (6144K), 6 survivors (6144K)
 Metaspace       used 16191K, committed 16448K, reserved 1064960K
  class space    used 1836K, committed 1920K, reserved 1048576K
}
Event: 6.373 GC heap before
{Heap before GC invocations=4 (full 0):
 garbage-first heap   total 98304K, used 68349K [0x00000000a1e00000, 0x0000000100000000)
  region size 1024K, 56 young (57344K), 6 survivors (6144K)
 Metaspace       used 17285K, committed 17472K, reserved 1064960K
  class space    used 1923K, committed 1984K, reserved 1048576K
}
Event: 6.386 GC heap after
{Heap after GC invocations=5 (full 0):
 garbage-first heap   total 98304K, used 19968K [0x00000000a1e00000, 0x0000000100000000)
  region size 1024K, 4 young (4096K), 4 survivors (4096K)
 Metaspace       used 17285K, committed 17472K, reserved 1064960K
  class space    used 1923K, committed 1984K, reserved 1048576K
}
Event: 6.929 GC heap before
{Heap before GC invocations=5 (full 0):
 garbage-first heap   total 98304K, used 71168K [0x00000000a1e00000, 0x0000000100000000)
  region size 1024K, 54 young (55296K), 4 survivors (4096K)
 Metaspace       used 20019K, committed 20352K, reserved 1073152K
  class space    used 2214K, committed 2368K, reserved 1048576K
}
Event: 6.936 GC heap after
{Heap after GC invocations=6 (full 0):
 garbage-first heap   total 98304K, used 22286K [0x00000000a1e00000, 0x0000000100000000)
  region size 1024K, 5 young (5120K), 5 survivors (5120K)
 Metaspace       used 20019K, committed 20352K, reserved 1073152K
  class space    used 2214K, committed 2368K, reserved 1048576K
}
Event: 7.296 GC heap before
{Heap before GC invocations=6 (full 0):
 garbage-first heap   total 98304K, used 44814K [0x00000000a1e00000, 0x0000000100000000)
  region size 1024K, 28 young (28672K), 5 survivors (5120K)
 Metaspace       used 20994K, committed 21248K, reserved 1073152K
  class space    used 2366K, committed 2496K, reserved 1048576K
}
Event: 7.303 GC heap after
{Heap after GC invocations=7 (full 0):
 garbage-first heap   total 98304K, used 21717K [0x00000000a1e00000, 0x0000000100000000)
  region size 1024K, 2 young (2048K), 2 survivors (2048K)
 Metaspace       used 20994K, committed 21248K, reserved 1073152K
  class space    used 2366K, committed 2496K, reserved 1048576K
}
Event: 7.668 GC heap before
{Heap before GC invocations=8 (full 0):
 garbage-first heap   total 78848K, used 66773K [0x00000000a1e00000, 0x0000000100000000)
  region size 1024K, 46 young (47104K), 2 survivors (2048K)
 Metaspace       used 25665K, committed 25984K, reserved 1073152K
  class space    used 2873K, committed 3008K, reserved 1048576K
}
Event: 7.675 GC heap after
{Heap after GC invocations=9 (full 0):
 garbage-first heap   total 78848K, used 25822K [0x00000000a1e00000, 0x0000000100000000)
  region size 1024K, 5 young (5120K), 5 survivors (5120K)
 Metaspace       used 25665K, committed 25984K, reserved 1073152K
  class space    used 2873K, committed 3008K, reserved 1048576K
}
Event: 8.104 GC heap before
{Heap before GC invocations=10 (full 0):
 garbage-first heap   total 78848K, used 61662K [0x00000000a1e00000, 0x0000000100000000)
  region size 1024K, 41 young (41984K), 5 survivors (5120K)
 Metaspace       used 25728K, committed 26048K, reserved 1073152K
  class space    used 2874K, committed 3008K, reserved 1048576K
}
Event: 8.114 GC heap after
{Heap after GC invocations=11 (full 0):
 garbage-first heap   total 78848K, used 33691K [0x00000000a1e00000, 0x0000000100000000)
  region size 1024K, 6 young (6144K), 6 survivors (6144K)
 Metaspace       used 25728K, committed 26048K, reserved 1073152K
  class space    used 2874K, committed 3008K, reserved 1048576K
}
Event: 8.504 GC heap before
{Heap before GC invocations=11 (full 0):
 garbage-first heap   total 78848K, used 59291K [0x00000000a1e00000, 0x0000000100000000)
  region size 1024K, 31 young (31744K), 6 survivors (6144K)
 Metaspace       used 26373K, committed 26688K, reserved 1073152K
  class space    used 2942K, committed 3072K, reserved 1048576K
}

Deoptimization events (20 events):
Event: 8.387 Thread 0x000002a9c5b53230 DEOPT PACKING pc=0x000002a9d502df08 sp=0x000000f8dabfb110
Event: 8.387 Thread 0x000002a9c5b53230 DEOPT UNPACKING pc=0x000002a9cd30d72e sp=0x000000f8dabfb0d0 mode 2
Event: 8.423 Thread 0x000002a9c5b53230 Uncommon trap: trap_request=0xffffffd6 fr.pc=0x000002a9d505f094 relative=0x0000000000001a14
Event: 8.423 Thread 0x000002a9c5b53230 Uncommon trap: reason=array_check action=maybe_recompile pc=0x000002a9d505f094 method=java.util.TimSort.binarySort([Ljava/lang/Object;IIILjava/util/Comparator;)V @ 215 c2
Event: 8.423 Thread 0x000002a9c5b53230 DEOPT PACKING pc=0x000002a9d505f094 sp=0x000000f8dabfab70
Event: 8.423 Thread 0x000002a9c5b53230 DEOPT UNPACKING pc=0x000002a9cd30d72e sp=0x000000f8dabfab48 mode 2
Event: 8.440 Thread 0x000002a9c5b53230 Uncommon trap: trap_request=0xffffffd6 fr.pc=0x000002a9d505f094 relative=0x0000000000001a14
Event: 8.440 Thread 0x000002a9c5b53230 Uncommon trap: reason=array_check action=maybe_recompile pc=0x000002a9d505f094 method=java.util.TimSort.binarySort([Ljava/lang/Object;IIILjava/util/Comparator;)V @ 215 c2
Event: 8.440 Thread 0x000002a9c5b53230 DEOPT PACKING pc=0x000002a9d505f094 sp=0x000000f8dabfb500
Event: 8.440 Thread 0x000002a9c5b53230 DEOPT UNPACKING pc=0x000002a9cd30d72e sp=0x000000f8dabfb4d8 mode 2
Event: 8.441 Thread 0x000002a9c5b53230 DEOPT PACKING pc=0x000002a9ce4498a0 sp=0x000000f8dabfaee0
Event: 8.441 Thread 0x000002a9c5b53230 DEOPT UNPACKING pc=0x000002a9cd30dece sp=0x000000f8dabfa3f0 mode 0
Event: 8.451 Thread 0x000002a9c5b53230 Uncommon trap: trap_request=0xffffffd6 fr.pc=0x000002a9d505f094 relative=0x0000000000001a14
Event: 8.451 Thread 0x000002a9c5b53230 Uncommon trap: reason=array_check action=maybe_recompile pc=0x000002a9d505f094 method=java.util.TimSort.binarySort([Ljava/lang/Object;IIILjava/util/Comparator;)V @ 215 c2
Event: 8.451 Thread 0x000002a9c5b53230 DEOPT PACKING pc=0x000002a9d505f094 sp=0x000000f8dabfb5d0
Event: 8.451 Thread 0x000002a9c5b53230 DEOPT UNPACKING pc=0x000002a9cd30d72e sp=0x000000f8dabfb5a8 mode 2
Event: 8.493 Thread 0x000002a9c5b53230 Uncommon trap: trap_request=0xffffffd6 fr.pc=0x000002a9d505f3e4 relative=0x0000000000001d64
Event: 8.493 Thread 0x000002a9c5b53230 Uncommon trap: reason=array_check action=maybe_recompile pc=0x000002a9d505f3e4 method=java.util.TimSort.binarySort([Ljava/lang/Object;IIILjava/util/Comparator;)V @ 193 c2
Event: 8.493 Thread 0x000002a9c5b53230 DEOPT PACKING pc=0x000002a9d505f3e4 sp=0x000000f8dabfaf70
Event: 8.493 Thread 0x000002a9c5b53230 DEOPT UNPACKING pc=0x000002a9cd30d72e sp=0x000000f8dabfaf48 mode 2

Classes unloaded (0 events):
No events

Classes redefined (0 events):
No events

Internal exceptions (20 events):
Event: 8.496 Thread 0x000002a9c5b53230 Exception <a 'sun/nio/fs/WindowsException'{0x00000000a5297890}> (0x00000000a5297890) 
thrown [t:\workspace\open\src\hotspot\share\prims\jni.cpp, line 579]
Event: 8.496 Thread 0x000002a9c5b53230 Exception <a 'sun/nio/fs/WindowsException'{0x00000000a5297be8}> (0x00000000a5297be8) 
thrown [t:\workspace\open\src\hotspot\share\prims\jni.cpp, line 579]
Event: 8.497 Thread 0x000002a9c5b53230 Exception <a 'sun/nio/fs/WindowsException'{0x00000000a529f478}> (0x00000000a529f478) 
thrown [t:\workspace\open\src\hotspot\share\prims\jni.cpp, line 579]
Event: 8.497 Thread 0x000002a9c5b53230 Exception <a 'sun/nio/fs/WindowsException'{0x00000000a529f778}> (0x00000000a529f778) 
thrown [t:\workspace\open\src\hotspot\share\prims\jni.cpp, line 579]
Event: 8.497 Thread 0x000002a9c5b53230 Exception <a 'sun/nio/fs/WindowsException'{0x00000000a52aff38}> (0x00000000a52aff38) 
thrown [t:\workspace\open\src\hotspot\share\prims\jni.cpp, line 579]
Event: 8.497 Thread 0x000002a9c5b53230 Exception <a 'sun/nio/fs/WindowsException'{0x00000000a52b0288}> (0x00000000a52b0288) 
thrown [t:\workspace\open\src\hotspot\share\prims\jni.cpp, line 579]
Event: 8.497 Thread 0x000002a9c5b53230 Exception <a 'sun/nio/fs/WindowsException'{0x00000000a52b1788}> (0x00000000a52b1788) 
thrown [t:\workspace\open\src\hotspot\share\prims\jni.cpp, line 579]
Event: 8.497 Thread 0x000002a9c5b53230 Exception <a 'sun/nio/fs/WindowsException'{0x00000000a52b1b68}> (0x00000000a52b1b68) 
thrown [t:\workspace\open\src\hotspot\share\prims\jni.cpp, line 579]
Event: 8.499 Thread 0x000002a9c5b53230 Exception <a 'sun/nio/fs/WindowsException'{0x00000000a52baf08}> (0x00000000a52baf08) 
thrown [t:\workspace\open\src\hotspot\share\prims\jni.cpp, line 579]
Event: 8.499 Thread 0x000002a9c5b53230 Exception <a 'sun/nio/fs/WindowsException'{0x00000000a52bb290}> (0x00000000a52bb290) 
thrown [t:\workspace\open\src\hotspot\share\prims\jni.cpp, line 579]
Event: 8.499 Thread 0x000002a9c5b53230 Exception <a 'sun/nio/fs/WindowsException'{0x00000000a52bcd18}> (0x00000000a52bcd18) 
thrown [t:\workspace\open\src\hotspot\share\prims\jni.cpp, line 579]
Event: 8.499 Thread 0x000002a9c5b53230 Exception <a 'sun/nio/fs/WindowsException'{0x00000000a52bd048}> (0x00000000a52bd048) 
thrown [t:\workspace\open\src\hotspot\share\prims\jni.cpp, line 579]
Event: 8.499 Thread 0x000002a9c5b53230 Exception <a 'sun/nio/fs/WindowsException'{0x00000000a52beea0}> (0x00000000a52beea0) 
thrown [t:\workspace\open\src\hotspot\share\prims\jni.cpp, line 579]
Event: 8.499 Thread 0x000002a9c5b53230 Exception <a 'sun/nio/fs/WindowsException'{0x00000000a52bf220}> (0x00000000a52bf220) 
thrown [t:\workspace\open\src\hotspot\share\prims\jni.cpp, line 579]
Event: 8.500 Thread 0x000002a9c5b53230 Exception <a 'sun/nio/fs/WindowsException'{0x00000000a52c0750}> (0x00000000a52c0750) 
thrown [t:\workspace\open\src\hotspot\share\prims\jni.cpp, line 579]
Event: 8.500 Thread 0x000002a9c5b53230 Exception <a 'sun/nio/fs/WindowsException'{0x00000000a52c0b60}> (0x00000000a52c0b60) 
thrown [t:\workspace\open\src\hotspot\share\prims\jni.cpp, line 579]
Event: 8.502 Thread 0x000002a9c5b53230 Exception <a 'sun/nio/fs/WindowsException'{0x00000000a52cdee8}> (0x00000000a52cdee8) 
thrown [t:\workspace\open\src\hotspot\share\prims\jni.cpp, line 579]
Event: 8.502 Thread 0x000002a9c5b53230 Exception <a 'sun/nio/fs/WindowsException'{0x00000000a52ce278}> (0x00000000a52ce278) 
thrown [t:\workspace\open\src\hotspot\share\prims\jni.cpp, line 579]
Event: 8.503 Thread 0x000002a9c5b53230 Exception <a 'sun/nio/fs/WindowsException'{0x00000000a52df7c8}> (0x00000000a52df7c8) 
thrown [t:\workspace\open\src\hotspot\share\prims\jni.cpp, line 579]
Event: 8.503 Thread 0x000002a9c5b53230 Exception <a 'sun/nio/fs/WindowsException'{0x00000000a52dfb18}> (0x00000000a52dfb18) 
thrown [t:\workspace\open\src\hotspot\share\prims\jni.cpp, line 579]

Events (20 events):
Event: 8.337 loading class jdk/internal/jrtfs/JrtDirectoryStream done
Event: 8.339 loading class java/util/stream/StreamSpliterators$WrappingSpliterator
Event: 8.339 loading class java/util/stream/StreamSpliterators$AbstractWrappingSpliterator
Event: 8.339 loading class java/util/stream/StreamSpliterators$AbstractWrappingSpliterator done
Event: 8.339 loading class java/util/stream/StreamSpliterators$WrappingSpliterator done
Event: 8.339 loading class jdk/internal/jrtfs/JrtDirectoryStream$1
Event: 8.339 loading class jdk/internal/jrtfs/JrtDirectoryStream$1 done
Event: 8.340 loading class java/util/stream/SpinedBuffer
Event: 8.340 loading class java/util/stream/AbstractSpinedBuffer
Event: 8.340 loading class java/util/stream/AbstractSpinedBuffer done
Event: 8.340 loading class java/util/stream/SpinedBuffer done
Event: 8.341 loading class java/util/stream/StreamSpliterators
Event: 8.341 loading class java/util/stream/StreamSpliterators done
Event: 8.341 loading class java/util/function/BooleanSupplier
Event: 8.342 loading class java/util/function/BooleanSupplier done
Event: 8.342 loading class jdk/internal/jrtfs/JrtFileAttributes
Event: 8.342 loading class jdk/internal/jrtfs/JrtFileAttributes done
Event: 8.368 loading class java/nio/file/FileTreeWalker$1
Event: 8.368 loading class java/nio/file/FileTreeWalker$1 done
Event: 8.504 Executing  VM operation: G1CollectForAllocation


Dynamic libraries:
0x00007ff6d91a0000 - 0x00007ff6d91b0000 	C:\Program Files\Java\jdk-16\bin\java.exe
0x00007ffb19110000 - 0x00007ffb19308000 	C:\WINDOWS\SYSTEM32\ntdll.dll
0x00007ffb18200000 - 0x00007ffb182bd000 	C:\WINDOWS\System32\KERNEL32.DLL
0x00007ffb16b00000 - 0x00007ffb16df6000 	C:\WINDOWS\System32\KERNELBASE.dll
0x00007ffb16f50000 - 0x00007ffb17050000 	C:\WINDOWS\System32\ucrtbase.dll
0x00007ffaf00d0000 - 0x00007ffaf00e8000 	C:\Program Files\Java\jdk-16\bin\jli.dll
0x00007ffb171e0000 - 0x00007ffb17290000 	C:\WINDOWS\System32\ADVAPI32.dll
0x00007ffb180f0000 - 0x00007ffb1818e000 	C:\WINDOWS\System32\msvcrt.dll
0x00007ffb17140000 - 0x00007ffb171e0000 	C:\WINDOWS\System32\sechost.dll
0x00007ffaeee40000 - 0x00007ffaeee59000 	C:\Program Files\Java\jdk-16\bin\VCRUNTIME140.dll
0x00007ffb182c0000 - 0x00007ffb183e3000 	C:\WINDOWS\System32\RPCRT4.dll
0x00007ffb17050000 - 0x00007ffb17077000 	C:\WINDOWS\System32\bcrypt.dll
0x00007ffb17500000 - 0x00007ffb1769f000 	C:\WINDOWS\System32\USER32.dll
0x00007ffb17080000 - 0x00007ffb170a2000 	C:\WINDOWS\System32\win32u.dll
0x00007ffb17890000 - 0x00007ffb178bb000 	C:\WINDOWS\System32\GDI32.dll
0x00007ffb169e0000 - 0x00007ffb16af7000 	C:\WINDOWS\System32\gdi32full.dll
0x00007ffafd190000 - 0x00007ffafd42a000 	C:\WINDOWS\WinSxS\amd64_microsoft.windows.common-controls_6595b64144ccf1df_6.0.19041.4355_none_60b8b9eb71f62e16\COMCTL32.dll
0x00007ffb16e00000 - 0x00007ffb16e9d000 	C:\WINDOWS\System32\msvcp_win.dll
0x00007ffb0c6f0000 - 0x00007ffb0c6fa000 	C:\WINDOWS\SYSTEM32\VERSION.dll
0x00007ffb17850000 - 0x00007ffb17882000 	C:\WINDOWS\System32\IMM32.DLL
0x00007ffb0fc90000 - 0x00007ffb0fc9c000 	C:\Program Files\Java\jdk-16\bin\vcruntime140_1.dll
0x00007ffadd9c0000 - 0x00007ffadda51000 	C:\Program Files\Java\jdk-16\bin\msvcp140.dll
0x00007ffa8b310000 - 0x00007ffa8bebb000 	C:\Program Files\Java\jdk-16\bin\server\jvm.dll
0x00007ffb18070000 - 0x00007ffb18078000 	C:\WINDOWS\System32\PSAPI.DLL
0x00007ffb056f0000 - 0x00007ffb056f9000 	C:\WINDOWS\SYSTEM32\WSOCK32.dll
0x00007ffb0c910000 - 0x00007ffb0c937000 	C:\WINDOWS\SYSTEM32\WINMM.dll
0x00007ffb18190000 - 0x00007ffb181fb000 	C:\WINDOWS\System32\WS2_32.dll
0x00007ffb14f90000 - 0x00007ffb14fa2000 	C:\WINDOWS\SYSTEM32\kernel.appcore.dll
0x00007ffafc080000 - 0x00007ffafc08a000 	C:\Program Files\Java\jdk-16\bin\jimage.dll
0x00007ffb145d0000 - 0x00007ffb147b4000 	C:\WINDOWS\SYSTEM32\DBGHELP.DLL
0x00007ffaf8f50000 - 0x00007ffaf8f84000 	C:\WINDOWS\SYSTEM32\dbgcore.DLL
0x00007ffb170b0000 - 0x00007ffb17132000 	C:\WINDOWS\System32\bcryptPrimitives.dll
0x00007ffae82d0000 - 0x00007ffae82f5000 	C:\Program Files\Java\jdk-16\bin\java.dll
0x00007ffb18600000 - 0x00007ffb18d6b000 	C:\WINDOWS\System32\SHELL32.dll
0x00007ffb147e0000 - 0x00007ffb14f7d000 	C:\WINDOWS\SYSTEM32\windows.storage.dll
0x00007ffb18d70000 - 0x00007ffb190c3000 	C:\WINDOWS\System32\combase.dll
0x00007ffb161e0000 - 0x00007ffb1620e000 	C:\WINDOWS\SYSTEM32\Wldp.dll
0x00007ffb18530000 - 0x00007ffb185fd000 	C:\WINDOWS\System32\OLEAUT32.dll
0x00007ffb17ac0000 - 0x00007ffb17b6d000 	C:\WINDOWS\System32\SHCORE.dll
0x00007ffb17290000 - 0x00007ffb172e5000 	C:\WINDOWS\System32\shlwapi.dll
0x00007ffb166f0000 - 0x00007ffb16714000 	C:\WINDOWS\SYSTEM32\profapi.dll
0x00007ffaeedc0000 - 0x00007ffaeedd9000 	C:\Program Files\Java\jdk-16\bin\net.dll
0x00007ffb0cde0000 - 0x00007ffb0ceea000 	C:\WINDOWS\SYSTEM32\WINHTTP.dll
0x00007ffb15f40000 - 0x00007ffb15faa000 	C:\WINDOWS\system32\mswsock.dll
0x00007ffaeec00000 - 0x00007ffaeec13000 	C:\Program Files\Java\jdk-16\bin\nio.dll
0x00007ffaeead0000 - 0x00007ffaeeae8000 	C:\Program Files\Java\jdk-16\bin\zip.dll
0x0000000069ac0000 - 0x0000000069ae4000 	C:\Users\Hp\apache-maven-3.9.4\lib\jansi-native\Windows\x86_64\jansi.dll
0x00007ffafbe70000 - 0x00007ffafbe80000 	C:\Program Files\Java\jdk-16\bin\verify.dll

dbghelp: loaded successfully - version: 4.0.5 - missing functions: none
symbol engine: initialized successfully - sym options: 0x614 - pdb path: .;C:\Program Files\Java\jdk-16\bin;C:\WINDOWS\SYSTEM32;C:\WINDOWS\WinSxS\amd64_microsoft.windows.common-controls_6595b64144ccf1df_6.0.19041.4355_none_60b8b9eb71f62e16;C:\Program Files\Java\jdk-16\bin\server;C:\Users\Hp\apache-maven-3.9.4\lib\jansi-native\Windows\x86_64

VM Arguments:
jvm_args: -Dclassworlds.conf=C:\Users\Hp\apache-maven-3.9.4\bin\m2.conf -Dmaven.home=C:\Users\Hp\apache-maven-3.9.4 -Dlibrary.jansi.path=C:\Users\Hp\apache-maven-3.9.4\lib\jansi-native -Dmaven.multiModuleProjectDirectory=C:\Users\Hp\Downloads\user-service-masterr\user-service-master 
java_command: org.codehaus.plexus.classworlds.launcher.Launcher clean package
java_class_path (initial): C:\Users\Hp\apache-maven-3.9.4\boot\plexus-classworlds-2.7.0.jar
Launcher Type: SUN_STANDARD

[Global flags]
     intx CICompilerCount                          = 4                                         {product} {ergonomic}
     uint ConcGCThreads                            = 2                                         {product} {ergonomic}
     uint G1ConcRefinementThreads                  = 8                                         {product} {ergonomic}
   size_t G1HeapRegionSize                         = 1048576                                   {product} {ergonomic}
    uintx GCDrainStackTargetSize                   = 64                                        {product} {ergonomic}
   size_t InitialHeapSize                          = 100663296                                 {product} {ergonomic}
   size_t MarkStackSize                            = 4194304                                   {product} {ergonomic}
   size_t MaxHeapSize                              = 1579155456                                {product} {ergonomic}
   size_t MaxNewSize                               = 946864128                                 {product} {ergonomic}
   size_t MinHeapDeltaBytes                        = 1048576                                   {product} {ergonomic}
   size_t MinHeapSize                              = 8388608                                   {product} {ergonomic}
    uintx NonNMethodCodeHeapSize                   = 5839372                                {pd product} {ergonomic}
    uintx NonProfiledCodeHeapSize                  = 122909434                              {pd product} {ergonomic}
    uintx ProfiledCodeHeapSize                     = 122909434                              {pd product} {ergonomic}
    uintx ReservedCodeCacheSize                    = 251658240                              {pd product} {ergonomic}
     bool SegmentedCodeCache                       = true                                      {product} {ergonomic}
   size_t SoftMaxHeapSize                          = 1579155456                             {manageable} {ergonomic}
     bool UseCompressedClassPointers               = true                           {product lp64_product} {ergonomic}
     bool UseCompressedOops                        = true                           {product lp64_product} {ergonomic}
     bool UseG1GC                                  = true                                      {product} {ergonomic}
     bool UseLargePagesIndividualAllocation        = false                                  {pd product} {ergonomic}

Logging:
Log output configuration:
 #0: stdout all=warning uptime,level,tags
 #1: stderr all=off uptime,level,tags

Environment Variables:
JAVA_HOME=C:\Program Files\Java\jdk-16
PATH=C:\oraclexe\app\oracle\product\11.2.0\server\bin;C:\Program Files\Common Files\Oracle\Java\javapath;C:\Program Files\Python38\Scripts\;C:\Program Files\Python38\;C:\windows\system32;C:\windows;C:\windows\System32\Wbem;C:\windows\System32\WindowsPowerShell\v1.0\;C:\windows\System32\OpenSSH\;C:\Program Files (x86)\NVIDIA Corporation\PhysX\Common;C:\Program Files\NVIDIA Corporation\NVIDIA NvDLISR;C:\WINDOWS\system32;C:\WINDOWS;C:\WINDOWS\System32\Wbem;C:\WINDOWS\System32\WindowsPowerShell\v1.0\;C:\WINDOWS\System32\OpenSSH\;C:\Program Files\Java\jdk-16\bin;C:\Program Files\Git\cmd;C:\Users\Hp\apache-maven-3.9.4\bin;C:\Users\Hp\AppData\Roaming\npm;C:\Users\Hp\AppData\Roaming\nvm;C:\Program Files\nodejs;C:\Program Files\nodejs;C:\Program Files\nodejs\;C:\Program Files\Docker\Docker\resources\bin;C:\Program Files\JetBrains\IntelliJ IDEA Community Edition 2023.2\bin;C:\Users\Hp\AppData\Local\Programs\Microsoft VS Code\bin;C:\Users\Hp\AppData\Roaming\Python\Python38\Scripts
USERNAME=Hp
OS=Windows_NT
PROCESSOR_IDENTIFIER=AMD64 Family 23 Model 24 Stepping 1, AuthenticAMD



---------------  S Y S T E M  ---------------

OS:
 Windows 10 , 64 bit Build 19041 (10.0.19041.3636)
OS uptime: 4 days 0:30 hours
Hyper-V role detected

CPU: total 8 (initial active 8) (8 cores per cpu, 2 threads per core) family 23 model 24 stepping 1 microcode 0x0, cx8, cmov, fxsr, ht, mmx, 3dnowpref, sse, sse2, sse3, ssse3, sse4a, sse4.1, sse4.2, popcnt, lzcnt, tsc, tscinvbit, avx, avx2, aes, clmul, bmi1, bmi2, adx, sha, fma, vzeroupper, clflush, clflushopt, hv

Memory: 4k page, system-wide physical 6021M (128M free)
TotalPageFile size 24453M (AvailPageFile size 15M)
current process WorkingSet (physical memory assigned to process): 194M, peak: 195M
current process commit charge ("private bytes"): 230M, peak: 246M

vm_info: Java HotSpot(TM) 64-Bit Server VM (16+36-2231) for windows-amd64 JRE (16+36-2231), built on Feb  8 2021 11:43:10 by "mach5one" with MS VC++ 16.7 (VS2019)

END.
